*************** INPUTS ****************************
Annotation file:      einsight.demonstration.xml
Target file    :      c:/mysql/mysql-4.1.22/sql/mysqld.exe
***************************************************
c:/mysql/mysql-4.1.22/sql/mysqld.exe
  c:/cygwin/etc/passwd
  c:/cygwin/etc/group
  c:/cygwin/tmp
  c:/cygwin/bin/rm.exe
  c:/cygwin/bin/cygwin1.dll
  c:/mysql/mysql-4.1.22/sql
  c:/cygwin/bin/sh.exe
  c:/mysql/mysql-4.1.22/sql/my_time.c.lnk
      c:/cygwin/bin/cygintl-3.dll
      c:/cygwin/bin/cygiconv-2.dll
      c:/cygwin/bin/cygreadline6.dll
      c:/cygwin/bin/cygncurses-8.dll
      c:/mysql/mysql-4.1.22/sql/mini_client_errors.c.lnk
          c:/cygwin/bin/ln.exe
          c:/mysql/mysql-4.1.22/sql/pack.c.lnk
              c:/mysql/mysql-4.1.22/sql/client.c.lnk
  c:/cygwin/bin/sed.exe
  c:/cygwin/bin/tr.exe
  c:/cygwin/bin/grep.exe
  c:/mysql/mysql-4.1.22/sql/.libs
      c:/cygwin/bin/cygpcre-0.dll
      c:/cygwin/bin/mkdir.exe
      c:/mysql/mysql-4.1.22/zlib/libz.la
          c:/mysql/mysql-4.1.22/zlib/adler32.lo
              c:/cygwin/bin/cat.exe
              c:/cygwin/bin/gcc.exe
              c:/cygwin/lib/gcc/i686-pc-cygwin/3.4.4/specs
              c:/cygwin/lib/gcc/i686-pc-cygwin/3.4.4/cc1.exe
              c:/cygwin/lib/gcc/i686-pc-cygwin/3.4.4/include
              c:/cygwin/usr/include
              c:/cygwin/usr/include/w32api
              c:/mysql/mysql-4.1.22
              c:/mysql/mysql-4.1.22/zlib/adler32.c
              c:/mysql/mysql-4.1.22/zlib/zlib.h
              c:/mysql/mysql-4.1.22/zlib/zconf.h
              c:/cygwin/usr/i686-pc-cygwin/bin/as.exe
              c:/cygwin/bin/as.exe
              c:/cygwin/bin/mv.exe
              c:/mysql/mysql-4.1.22/libtool
              c:/mysql/mysql-4.1.22/zlib
          c:/mysql/mysql-4.1.22/zlib/compress.lo
              c:/mysql/mysql-4.1.22/zlib/.libs
              c:/mysql/mysql-4.1.22/zlib/compress.c
          c:/mysql/mysql-4.1.22/zlib/crc32.lo
              c:/mysql/mysql-4.1.22/zlib/crc32.c
              c:/mysql/mysql-4.1.22/zlib/zutil.h
              c:/cygwin/lib/gcc/i686-pc-cygwin/3.4.4/include/stddef.h
              c:/cygwin/usr/include/string.h
              c:/cygwin/usr/include/_ansi.h
              c:/cygwin/usr/include/newlib.h
              c:/cygwin/usr/include/sys/config.h
              c:/cygwin/usr/include/machine/ieeefp.h
              c:/cygwin/usr/include/cygwin/config.h
              c:/cygwin/usr/include/sys/reent.h
              c:/cygwin/usr/include/sys/_types.h
              c:/cygwin/usr/include/sys/lock.h
              c:/cygwin/usr/include/sys/string.h
              c:/cygwin/usr/include/stdlib.h
              c:/cygwin/usr/include/machine/stdlib.h
              c:/cygwin/usr/include/alloca.h
              c:/cygwin/usr/include/cygwin/stdlib.h
              c:/cygwin/usr/include/errno.h
              c:/cygwin/usr/include/sys/errno.h
              c:/cygwin/lib/gcc/i686-pc-cygwin/3.4.4/include/limits.h
              c:/cygwin/lib/gcc/i686-pc-cygwin/3.4.4/include/syslimits.h
              c:/cygwin/usr/include/limits.h
              c:/cygwin/usr/include/features.h
              c:/cygwin/usr/include/sys/cdefs.h
              c:/cygwin/usr/include/sys/features.h
              c:/mysql/mysql-4.1.22/zlib/crc32.h
          c:/mysql/mysql-4.1.22/zlib/deflate.lo
              c:/mysql/mysql-4.1.22/zlib/deflate.c
              c:/mysql/mysql-4.1.22/zlib/deflate.h
          c:/mysql/mysql-4.1.22/zlib/gzio.lo
              c:/mysql/mysql-4.1.22/zlib/gzio.c
              c:/cygwin/usr/include/stdio.h
              c:/cygwin/lib/gcc/i686-pc-cygwin/3.4.4/include/stdarg.h
              c:/cygwin/usr/include/sys/types.h
              c:/cygwin/usr/include/machine/_types.h
              c:/cygwin/usr/include/machine/types.h
              c:/cygwin/usr/include/cygwin/types.h
              c:/cygwin/usr/include/sys/sysmacros.h
              c:/cygwin/usr/include/stdint.h
              c:/cygwin/usr/include/endian.h
              c:/cygwin/usr/include/sys/stdio.h
          c:/mysql/mysql-4.1.22/zlib/infback.lo
              c:/mysql/mysql-4.1.22/zlib/infback.c
              c:/mysql/mysql-4.1.22/zlib/inftrees.h
              c:/mysql/mysql-4.1.22/zlib/inflate.h
              c:/mysql/mysql-4.1.22/zlib/inffast.h
              c:/mysql/mysql-4.1.22/zlib/inffixed.h
          c:/mysql/mysql-4.1.22/zlib/inffast.lo
              c:/mysql/mysql-4.1.22/zlib/inffast.c
          c:/mysql/mysql-4.1.22/zlib/inflate.lo
              c:/mysql/mysql-4.1.22/zlib/inflate.c
          c:/mysql/mysql-4.1.22/zlib/inftrees.lo
              c:/mysql/mysql-4.1.22/zlib/inftrees.c
          c:/mysql/mysql-4.1.22/zlib/trees.lo
              c:/mysql/mysql-4.1.22/zlib/trees.c
              c:/mysql/mysql-4.1.22/zlib/trees.h
          c:/mysql/mysql-4.1.22/zlib/uncompr.lo
              c:/mysql/mysql-4.1.22/zlib/uncompr.c
          c:/mysql/mysql-4.1.22/zlib/zutil.lo
              c:/mysql/mysql-4.1.22/zlib/zutil.c
          c:/cygwin/bin/expr.exe
          c:/cygwin/bin/sort.exe
          c:/cygwin/bin/ar.exe
          c:/mysql/mysql-4.1.22/zlib/adler32.o
          c:/mysql/mysql-4.1.22/zlib/compress.o
          c:/mysql/mysql-4.1.22/zlib/crc32.o
          c:/mysql/mysql-4.1.22/zlib/deflate.o
          c:/mysql/mysql-4.1.22/zlib/gzio.o
          c:/mysql/mysql-4.1.22/zlib/infback.o
          c:/mysql/mysql-4.1.22/zlib/inffast.o
          c:/mysql/mysql-4.1.22/zlib/inflate.o
          c:/mysql/mysql-4.1.22/zlib/inftrees.o
          c:/mysql/mysql-4.1.22/zlib/trees.o
          c:/mysql/mysql-4.1.22/zlib/uncompr.o
          c:/mysql/mysql-4.1.22/zlib/zutil.o
          c:/cygwin/bin/ranlib.exe
      c:/cygwin/bin/g++.exe
      c:/cygwin/lib/gcc/i686-pc-cygwin/3.4.4
      c:/cygwin/lib
      c:/cygwin/lib/gcc/i686-pc-cygwin/3.4.4/collect2.exe
      c:/cygwin/usr/i686-pc-cygwin/bin/ld.exe
      c:/cygwin/usr/i686-pc-cygwin/bin/nm.exe
      c:/cygwin/usr/i686-pc-cygwin/bin/strip.exe
      c:/cygwin/bin/ld.exe
      c:/cygwin/lib/ldscripts
      c:/cygwin/lib/crt0.o
      c:/mysql/mysql-4.1.22/sql/mysql_tzinfo_to_sql.o
          c:/cygwin/lib/gcc/i686-pc-cygwin/3.4.4/cc1plus.exe
          c:/cygwin/lib/gcc/i686-pc-cygwin/3.4.4/include/c++
          c:/cygwin/lib/gcc/i686-pc-cygwin/3.4.4/include/c++/i686-pc-cygwin
          c:/cygwin/lib/gcc/i686-pc-cygwin/3.4.4/include/c++/backward
          c:/mysql/mysql-4.1.22/innobase/include
          c:/mysql/mysql-4.1.22/include
          c:/mysql/mysql-4.1.22/regex
          c:/mysql/mysql-4.1.22/sql/mysql_tzinfo_to_sql.cc
          c:/mysql/mysql-4.1.22/include/my_global.h
          c:/mysql/mysql-4.1.22/include/my_config.h
          c:/cygwin/usr/include/pthread.h
          c:/cygwin/usr/include/signal.h
          c:/cygwin/usr/include/sys/signal.h
          c:/cygwin/usr/include/cygwin/signal.h
          c:/cygwin/usr/include/sched.h
          c:/cygwin/usr/include/time.h
          c:/cygwin/usr/include/machine/time.h
          c:/cygwin/usr/include/cygwin/time.h
          c:/cygwin/usr/include/math.h
          c:/cygwin/lib/gcc/i686-pc-cygwin/3.4.4/include/float.h
          c:/cygwin/usr/include/fcntl.h
          c:/cygwin/usr/include/sys/fcntl.h
          c:/cygwin/usr/include/sys/stat.h
          c:/cygwin/usr/include/cygwin/stat.h
          c:/cygwin/usr/include/sys/timeb.h
          c:/cygwin/usr/include/sys/time.h
          c:/cygwin/usr/include/cygwin/sys_time.h
          c:/cygwin/usr/include/sys/select.h
          c:/cygwin/usr/include/unistd.h
          c:/cygwin/usr/include/sys/unistd.h
          c:/cygwin/usr/include/getopt.h
          c:/cygwin/usr/include/crypt.h
          c:/cygwin/usr/include/assert.h
          c:/mysql/mysql-4.1.22/include/my_dbug.h
          c:/cygwin/usr/include/sys/socket.h
          c:/cygwin/usr/include/cygwin/socket.h
          c:/cygwin/usr/include/asm/socket.h
          c:/cygwin/usr/include/cygwin/if.h
          c:/cygwin/usr/include/cygwin/sockios.h
          c:/cygwin/usr/include/cygwin/uio.h
          c:/mysql/mysql-4.1.22/include/my_time.h
          c:/mysql/mysql-4.1.22/include/mysql_time.h
          c:/mysql/mysql-4.1.22/sql/tztime.h
          c:/mysql/mysql-4.1.22/include/my_sys.h
          c:/mysql/mysql-4.1.22/include/my_pthread.h
          c:/mysql/mysql-4.1.22/include/m_ctype.h
          c:/mysql/mysql-4.1.22/include/typelib.h
          c:/mysql/mysql-4.1.22/include/my_alloc.h
          c:/mysql/mysql-4.1.22/include/raid.h
          c:/mysql/mysql-4.1.22/sql/tzfile.h
          c:/mysql/mysql-4.1.22/include/m_string.h
          c:/cygwin/usr/include/strings.h
          c:/mysql/mysql-4.1.22/include/my_dir.h
      c:/mysql/mysql-4.1.22/myisam/libmyisam.a
          c:/mysql/mysql-4.1.22/myisam
          c:/mysql/mysql-4.1.22/myisam/mi_open.o
              c:/mysql/mysql-4.1.22/myisam/mi_open.c
              c:/mysql/mysql-4.1.22/myisam/fulltext.h
              c:/mysql/mysql-4.1.22/myisam/myisamdef.h
              c:/mysql/mysql-4.1.22/include/myisam.h
              c:/mysql/mysql-4.1.22/include/my_base.h
              c:/cygwin/usr/include/memory.h
              c:/mysql/mysql-4.1.22/include/my_list.h
              c:/mysql/mysql-4.1.22/include/keycache.h
              c:/mysql/mysql-4.1.22/include/my_handler.h
              c:/mysql/mysql-4.1.22/include/myisampack.h
              c:/mysql/mysql-4.1.22/include/my_tree.h
              c:/mysql/mysql-4.1.22/include/thr_lock.h
              c:/mysql/mysql-4.1.22/include/ft_global.h
              c:/mysql/mysql-4.1.22/myisam/sp_defs.h
              c:/mysql/mysql-4.1.22/myisam/rt_index.h
          c:/mysql/mysql-4.1.22/myisam/mi_extra.o
              c:/mysql/mysql-4.1.22/myisam/mi_extra.c
          c:/mysql/mysql-4.1.22/myisam/mi_info.o
              c:/mysql/mysql-4.1.22/myisam/mi_info.c
          c:/mysql/mysql-4.1.22/myisam/mi_rkey.o
              c:/mysql/mysql-4.1.22/myisam/mi_rkey.c
          c:/mysql/mysql-4.1.22/myisam/mi_rnext.o
              c:/mysql/mysql-4.1.22/myisam/mi_rnext.c
          c:/mysql/mysql-4.1.22/myisam/mi_rnext_same.o
              c:/mysql/mysql-4.1.22/myisam/mi_rnext_same.c
          c:/mysql/mysql-4.1.22/myisam/mi_search.o
              c:/mysql/mysql-4.1.22/myisam/mi_search.c
          c:/mysql/mysql-4.1.22/myisam/mi_page.o
              c:/mysql/mysql-4.1.22/myisam/mi_page.c
          c:/mysql/mysql-4.1.22/myisam/mi_key.o
              c:/mysql/mysql-4.1.22/myisam/mi_key.c
              c:/cygwin/usr/include/ieeefp.h
          c:/mysql/mysql-4.1.22/myisam/mi_locking.o
              c:/mysql/mysql-4.1.22/myisam/mi_locking.c
          c:/mysql/mysql-4.1.22/myisam/mi_rrnd.o
              c:/mysql/mysql-4.1.22/myisam/mi_rrnd.c
          c:/mysql/mysql-4.1.22/myisam/mi_scan.o
              c:/mysql/mysql-4.1.22/myisam/mi_scan.c
          c:/mysql/mysql-4.1.22/myisam/mi_cache.o
              c:/mysql/mysql-4.1.22/myisam/mi_cache.c
          c:/mysql/mysql-4.1.22/myisam/mi_statrec.o
              c:/mysql/mysql-4.1.22/myisam/mi_statrec.c
          c:/mysql/mysql-4.1.22/myisam/mi_packrec.o
              c:/mysql/mysql-4.1.22/myisam/mi_packrec.c
          c:/mysql/mysql-4.1.22/myisam/mi_dynrec.o
              c:/mysql/mysql-4.1.22/myisam/mi_dynrec.c
          c:/mysql/mysql-4.1.22/myisam/mi_update.o
              c:/mysql/mysql-4.1.22/myisam/mi_update.c
          c:/mysql/mysql-4.1.22/myisam/mi_write.o
              c:/mysql/mysql-4.1.22/myisam/mi_write.c
          c:/mysql/mysql-4.1.22/myisam/mi_unique.o
              c:/mysql/mysql-4.1.22/myisam/mi_unique.c
          c:/mysql/mysql-4.1.22/myisam/mi_delete.o
              c:/mysql/mysql-4.1.22/myisam/mi_delete.c
          c:/mysql/mysql-4.1.22/myisam/mi_rprev.o
              c:/mysql/mysql-4.1.22/myisam/mi_rprev.c
          c:/mysql/mysql-4.1.22/myisam/mi_rfirst.o
              c:/mysql/mysql-4.1.22/myisam/mi_rfirst.c
          c:/mysql/mysql-4.1.22/myisam/mi_rlast.o
              c:/mysql/mysql-4.1.22/myisam/mi_rlast.c
          c:/mysql/mysql-4.1.22/myisam/mi_rsame.o
              c:/mysql/mysql-4.1.22/myisam/mi_rsame.c
          c:/mysql/mysql-4.1.22/myisam/mi_rsamepos.o
              c:/mysql/mysql-4.1.22/myisam/mi_rsamepos.c
          c:/mysql/mysql-4.1.22/myisam/mi_panic.o
              c:/mysql/mysql-4.1.22/myisam/mi_panic.c
          c:/mysql/mysql-4.1.22/myisam/mi_close.o
              c:/mysql/mysql-4.1.22/myisam/mi_close.c
          c:/mysql/mysql-4.1.22/myisam/mi_create.o
              c:/mysql/mysql-4.1.22/myisam/mi_create.c
              c:/mysql/mysql-4.1.22/myisam/ftdefs.h
              c:/mysql/mysql-4.1.22/include/queues.h
          c:/mysql/mysql-4.1.22/myisam/mi_range.o
              c:/mysql/mysql-4.1.22/myisam/mi_range.c
          c:/mysql/mysql-4.1.22/myisam/mi_dbug.o
              c:/mysql/mysql-4.1.22/myisam/mi_dbug.c
          c:/mysql/mysql-4.1.22/myisam/mi_checksum.o
              c:/mysql/mysql-4.1.22/myisam/mi_checksum.c
          c:/mysql/mysql-4.1.22/myisam/mi_log.o
              c:/mysql/mysql-4.1.22/myisam/mi_log.c
          c:/mysql/mysql-4.1.22/myisam/mi_changed.o
              c:/mysql/mysql-4.1.22/myisam/mi_changed.c
          c:/mysql/mysql-4.1.22/myisam/mi_static.o
              c:/mysql/mysql-4.1.22/myisam/mi_static.c
          c:/mysql/mysql-4.1.22/myisam/mi_delete_all.o
              c:/mysql/mysql-4.1.22/myisam/mi_delete_all.c
          c:/mysql/mysql-4.1.22/myisam/mi_delete_table.o
              c:/mysql/mysql-4.1.22/myisam/mi_delete_table.c
          c:/mysql/mysql-4.1.22/myisam/mi_rename.o
              c:/mysql/mysql-4.1.22/myisam/mi_rename.c
          c:/mysql/mysql-4.1.22/myisam/mi_check.o
              c:/mysql/mysql-4.1.22/myisam/mi_check.c
              c:/mysql/mysql-4.1.22/include/my_getopt.h
              c:/cygwin/usr/include/sys/mman.h
          c:/mysql/mysql-4.1.22/myisam/mi_keycache.o
              c:/mysql/mysql-4.1.22/myisam/mi_keycache.c
          c:/mysql/mysql-4.1.22/myisam/mi_preload.o
              c:/mysql/mysql-4.1.22/myisam/mi_preload.c
          c:/mysql/mysql-4.1.22/myisam/ft_parser.o
              c:/mysql/mysql-4.1.22/myisam/ft_parser.c
          c:/mysql/mysql-4.1.22/myisam/ft_stopwords.o
              c:/mysql/mysql-4.1.22/myisam/ft_stopwords.c
          c:/mysql/mysql-4.1.22/myisam/ft_static.o
              c:/mysql/mysql-4.1.22/myisam/ft_static.c
          c:/mysql/mysql-4.1.22/myisam/ft_update.o
              c:/mysql/mysql-4.1.22/myisam/ft_update.c
          c:/mysql/mysql-4.1.22/myisam/ft_boolean_search.o
              c:/mysql/mysql-4.1.22/myisam/ft_boolean_search.c
          c:/mysql/mysql-4.1.22/myisam/ft_nlq_search.o
              c:/mysql/mysql-4.1.22/myisam/ft_nlq_search.c
          c:/mysql/mysql-4.1.22/myisam/sort.o
              c:/mysql/mysql-4.1.22/myisam/sort.c
          c:/mysql/mysql-4.1.22/myisam/rt_index.o
              c:/mysql/mysql-4.1.22/myisam/rt_index.c
              c:/mysql/mysql-4.1.22/myisam/rt_key.h
              c:/mysql/mysql-4.1.22/myisam/rt_mbr.h
          c:/mysql/mysql-4.1.22/myisam/rt_key.o
              c:/mysql/mysql-4.1.22/myisam/rt_key.c
          c:/mysql/mysql-4.1.22/myisam/rt_mbr.o
              c:/mysql/mysql-4.1.22/myisam/rt_mbr.c
          c:/mysql/mysql-4.1.22/myisam/rt_split.o
              c:/mysql/mysql-4.1.22/myisam/rt_split.c
          c:/mysql/mysql-4.1.22/myisam/sp_key.o
              c:/mysql/mysql-4.1.22/myisam/sp_key.c
      c:/mysql/mysql-4.1.22/myisammrg/libmyisammrg.a
          c:/mysql/mysql-4.1.22/myisammrg
          c:/mysql/mysql-4.1.22/myisammrg/myrg_open.o
              c:/mysql/mysql-4.1.22/myisammrg/myrg_open.c
              c:/mysql/mysql-4.1.22/myisammrg/myrg_def.h
              c:/mysql/mysql-4.1.22/include/myisammrg.h
          c:/mysql/mysql-4.1.22/myisammrg/myrg_extra.o
              c:/mysql/mysql-4.1.22/myisammrg/myrg_extra.c
          c:/mysql/mysql-4.1.22/myisammrg/myrg_info.o
              c:/mysql/mysql-4.1.22/myisammrg/myrg_info.c
          c:/mysql/mysql-4.1.22/myisammrg/myrg_locking.o
              c:/mysql/mysql-4.1.22/myisammrg/myrg_locking.c
          c:/mysql/mysql-4.1.22/myisammrg/myrg_rrnd.o
              c:/mysql/mysql-4.1.22/myisammrg/myrg_rrnd.c
          c:/mysql/mysql-4.1.22/myisammrg/myrg_update.o
              c:/mysql/mysql-4.1.22/myisammrg/myrg_update.c
          c:/mysql/mysql-4.1.22/myisammrg/myrg_delete.o
              c:/mysql/mysql-4.1.22/myisammrg/myrg_delete.c
          c:/mysql/mysql-4.1.22/myisammrg/myrg_rsame.o
              c:/mysql/mysql-4.1.22/myisammrg/myrg_rsame.c
          c:/mysql/mysql-4.1.22/myisammrg/myrg_panic.o
              c:/mysql/mysql-4.1.22/myisammrg/myrg_panic.c
          c:/mysql/mysql-4.1.22/myisammrg/myrg_close.o
              c:/mysql/mysql-4.1.22/myisammrg/myrg_close.c
          c:/mysql/mysql-4.1.22/myisammrg/myrg_create.o
              c:/mysql/mysql-4.1.22/myisammrg/myrg_create.c
          c:/mysql/mysql-4.1.22/myisammrg/myrg_static.o
              c:/mysql/mysql-4.1.22/myisammrg/myrg_static.c
          c:/mysql/mysql-4.1.22/myisammrg/myrg_rkey.o
              c:/mysql/mysql-4.1.22/myisammrg/myrg_rkey.c
          c:/mysql/mysql-4.1.22/myisammrg/myrg_rfirst.o
              c:/mysql/mysql-4.1.22/myisammrg/myrg_rfirst.c
          c:/mysql/mysql-4.1.22/myisammrg/myrg_rlast.o
              c:/mysql/mysql-4.1.22/myisammrg/myrg_rlast.c
          c:/mysql/mysql-4.1.22/myisammrg/myrg_rnext.o
              c:/mysql/mysql-4.1.22/myisammrg/myrg_rnext.c
          c:/mysql/mysql-4.1.22/myisammrg/myrg_rprev.o
              c:/mysql/mysql-4.1.22/myisammrg/myrg_rprev.c
          c:/mysql/mysql-4.1.22/myisammrg/myrg_queue.o
              c:/mysql/mysql-4.1.22/myisammrg/myrg_queue.c
          c:/mysql/mysql-4.1.22/myisammrg/myrg_write.o
              c:/mysql/mysql-4.1.22/myisammrg/myrg_write.c
          c:/mysql/mysql-4.1.22/myisammrg/myrg_range.o
              c:/mysql/mysql-4.1.22/myisammrg/myrg_range.c
          c:/mysql/mysql-4.1.22/myisammrg/myrg_rnext_same.o
              c:/mysql/mysql-4.1.22/myisammrg/myrg_rnext_same.c
      c:/mysql/mysql-4.1.22/heap/libheap.a
          c:/mysql/mysql-4.1.22/heap
          c:/mysql/mysql-4.1.22/heap/hp_open.o
              c:/mysql/mysql-4.1.22/heap/hp_open.c
              c:/mysql/mysql-4.1.22/heap/heapdef.h
              c:/mysql/mysql-4.1.22/include/heap.h
          c:/mysql/mysql-4.1.22/heap/hp_extra.o
              c:/mysql/mysql-4.1.22/heap/hp_extra.c
          c:/mysql/mysql-4.1.22/heap/hp_close.o
              c:/mysql/mysql-4.1.22/heap/hp_close.c
          c:/mysql/mysql-4.1.22/heap/hp_panic.o
              c:/mysql/mysql-4.1.22/heap/hp_panic.c
          c:/mysql/mysql-4.1.22/heap/hp_info.o
              c:/mysql/mysql-4.1.22/heap/hp_info.c
          c:/mysql/mysql-4.1.22/heap/hp_rrnd.o
              c:/mysql/mysql-4.1.22/heap/hp_rrnd.c
          c:/mysql/mysql-4.1.22/heap/hp_scan.o
              c:/mysql/mysql-4.1.22/heap/hp_scan.c
          c:/mysql/mysql-4.1.22/heap/hp_update.o
              c:/mysql/mysql-4.1.22/heap/hp_update.c
          c:/mysql/mysql-4.1.22/heap/hp_write.o
              c:/mysql/mysql-4.1.22/heap/hp_write.c
          c:/mysql/mysql-4.1.22/heap/hp_delete.o
              c:/mysql/mysql-4.1.22/heap/hp_delete.c
          c:/mysql/mysql-4.1.22/heap/hp_rsame.o
              c:/mysql/mysql-4.1.22/heap/hp_rsame.c
          c:/mysql/mysql-4.1.22/heap/hp_create.o
              c:/mysql/mysql-4.1.22/heap/hp_create.c
          c:/mysql/mysql-4.1.22/heap/hp_rename.o
              c:/mysql/mysql-4.1.22/heap/hp_rename.c
          c:/mysql/mysql-4.1.22/heap/hp_rfirst.o
              c:/mysql/mysql-4.1.22/heap/hp_rfirst.c
          c:/mysql/mysql-4.1.22/heap/hp_rnext.o
              c:/mysql/mysql-4.1.22/heap/hp_rnext.c
          c:/mysql/mysql-4.1.22/heap/hp_rlast.o
              c:/mysql/mysql-4.1.22/heap/hp_rlast.c
          c:/mysql/mysql-4.1.22/heap/hp_rprev.o
              c:/mysql/mysql-4.1.22/heap/hp_rprev.c
          c:/mysql/mysql-4.1.22/heap/hp_clear.o
              c:/mysql/mysql-4.1.22/heap/hp_clear.c
          c:/mysql/mysql-4.1.22/heap/hp_rkey.o
              c:/mysql/mysql-4.1.22/heap/hp_rkey.c
          c:/mysql/mysql-4.1.22/heap/hp_block.o
              c:/mysql/mysql-4.1.22/heap/hp_block.c
          c:/mysql/mysql-4.1.22/heap/hp_hash.o
              c:/mysql/mysql-4.1.22/heap/hp_hash.c
          c:/mysql/mysql-4.1.22/heap/_check.o
              c:/mysql/mysql-4.1.22/heap/_check.c
          c:/mysql/mysql-4.1.22/heap/_rectest.o
              c:/mysql/mysql-4.1.22/heap/_rectest.c
          c:/mysql/mysql-4.1.22/heap/hp_static.o
              c:/mysql/mysql-4.1.22/heap/hp_static.c
      c:/mysql/mysql-4.1.22/vio/libvio.a
          c:/mysql/mysql-4.1.22/vio
          c:/mysql/mysql-4.1.22/vio/vio.o
              c:/mysql/mysql-4.1.22/vio/vio.c
              c:/mysql/mysql-4.1.22/vio/vio_priv.h
              c:/mysql/mysql-4.1.22/include/mysql_com.h
              c:/mysql/mysql-4.1.22/include/violite.h
              c:/mysql/mysql-4.1.22/include/my_net.h
              c:/cygwin/usr/include/netinet/in.h
              c:/cygwin/usr/include/cygwin/in.h
              c:/cygwin/usr/include/asm/byteorder.h
              c:/cygwin/usr/include/arpa/inet.h
              c:/cygwin/usr/include/sys/poll.h
              c:/cygwin/usr/include/sys/ioctl.h
              c:/cygwin/usr/include/netinet/in_systm.h
              c:/cygwin/usr/include/cygwin/in_systm.h
              c:/cygwin/usr/include/netinet/ip.h
              c:/cygwin/usr/include/netinet/tcp.h
          c:/mysql/mysql-4.1.22/vio/viosocket.o
              c:/mysql/mysql-4.1.22/vio/viosocket.c
          c:/mysql/mysql-4.1.22/vio/viossl.o
              c:/mysql/mysql-4.1.22/vio/viossl.c
          c:/mysql/mysql-4.1.22/vio/viosslfactories.o
              c:/mysql/mysql-4.1.22/vio/viosslfactories.c
      c:/mysql/mysql-4.1.22/mysys/libmysys.a
          c:/mysql/mysql-4.1.22/mysys
          c:/mysql/mysql-4.1.22/mysys/my_init.o
              c:/mysql/mysql-4.1.22/mysys/my_init.c
              c:/mysql/mysql-4.1.22/mysys/mysys_priv.h
              c:/cygwin/usr/include/sys/resource.h
              c:/mysql/mysql-4.1.22/mysys/my_static.h
              c:/mysql/mysql-4.1.22/include/mysys_err.h
          c:/mysql/mysql-4.1.22/mysys/my_getwd.o
              c:/mysql/mysql-4.1.22/mysys/my_getwd.c
              c:/cygwin/usr/include/sys/param.h
          c:/mysql/mysql-4.1.22/mysys/mf_getdate.o
              c:/mysql/mysql-4.1.22/mysys/mf_getdate.c
          c:/mysql/mysql-4.1.22/mysys/mf_path.o
              c:/mysql/mysql-4.1.22/mysys/mf_path.c
          c:/mysql/mysql-4.1.22/mysys/mf_loadpath.o
              c:/mysql/mysql-4.1.22/mysys/mf_loadpath.c
          c:/mysql/mysql-4.1.22/mysys/my_file.o
              c:/mysql/mysql-4.1.22/mysys/my_file.c
          c:/mysql/mysql-4.1.22/mysys/my_open.o
              c:/mysql/mysql-4.1.22/mysys/my_open.c
          c:/mysql/mysql-4.1.22/mysys/my_create.o
              c:/mysql/mysql-4.1.22/mysys/my_create.c
          c:/mysql/mysql-4.1.22/mysys/my_dup.o
              c:/mysql/mysql-4.1.22/mysys/my_dup.c
          c:/mysql/mysql-4.1.22/mysys/my_seek.o
              c:/mysql/mysql-4.1.22/mysys/my_seek.c
          c:/mysql/mysql-4.1.22/mysys/my_read.o
              c:/mysql/mysql-4.1.22/mysys/my_read.c
          c:/mysql/mysql-4.1.22/mysys/my_pread.o
              c:/mysql/mysql-4.1.22/mysys/my_pread.c
          c:/mysql/mysql-4.1.22/mysys/my_write.o
              c:/mysql/mysql-4.1.22/mysys/my_write.c
          c:/mysql/mysql-4.1.22/mysys/mf_keycache.o
              c:/mysql/mysql-4.1.22/mysys/mf_keycache.c
          c:/mysql/mysql-4.1.22/mysys/mf_keycaches.o
              c:/mysql/mysql-4.1.22/mysys/mf_keycaches.c
              c:/mysql/mysql-4.1.22/include/hash.h
          c:/mysql/mysql-4.1.22/mysys/my_crc32.o
              c:/mysql/mysql-4.1.22/mysys/my_crc32.c
          c:/mysql/mysql-4.1.22/mysys/mf_iocache.o
              c:/mysql/mysql-4.1.22/mysys/mf_iocache.c
          c:/mysql/mysql-4.1.22/mysys/mf_iocache2.o
              c:/mysql/mysql-4.1.22/mysys/mf_iocache2.c
          c:/mysql/mysql-4.1.22/mysys/mf_cache.o
              c:/mysql/mysql-4.1.22/mysys/mf_cache.c
          c:/mysql/mysql-4.1.22/mysys/mf_tempfile.o
              c:/mysql/mysql-4.1.22/mysys/mf_tempfile.c
              c:/cygwin/usr/include/paths.h
          c:/mysql/mysql-4.1.22/mysys/mf_tempdir.o
              c:/mysql/mysql-4.1.22/mysys/mf_tempdir.c
          c:/mysql/mysql-4.1.22/mysys/my_lock.o
              c:/mysql/mysql-4.1.22/mysys/my_lock.c
              c:/mysql/mysql-4.1.22/include/my_alarm.h
          c:/mysql/mysql-4.1.22/mysys/mf_brkhant.o
              c:/mysql/mysql-4.1.22/mysys/mf_brkhant.c
          c:/mysql/mysql-4.1.22/mysys/my_alarm.o
              c:/mysql/mysql-4.1.22/mysys/my_alarm.c
          c:/mysql/mysql-4.1.22/mysys/my_malloc.o
              c:/mysql/mysql-4.1.22/mysys/my_malloc.c
          c:/mysql/mysql-4.1.22/mysys/my_realloc.o
              c:/mysql/mysql-4.1.22/mysys/my_realloc.c
          c:/mysql/mysql-4.1.22/mysys/my_once.o
              c:/mysql/mysql-4.1.22/mysys/my_once.c
          c:/mysql/mysql-4.1.22/mysys/mulalloc.o
              c:/mysql/mysql-4.1.22/mysys/mulalloc.c
          c:/mysql/mysql-4.1.22/mysys/my_alloc.o
              c:/mysql/mysql-4.1.22/mysys/my_alloc.c
          c:/mysql/mysql-4.1.22/mysys/safemalloc.o
              c:/mysql/mysql-4.1.22/mysys/safemalloc.c
          c:/mysql/mysql-4.1.22/mysys/my_new.o
              c:/mysql/mysql-4.1.22/mysys/my_new.cc
          c:/mysql/mysql-4.1.22/mysys/my_fopen.o
              c:/mysql/mysql-4.1.22/mysys/my_fopen.c
          c:/mysql/mysql-4.1.22/mysys/my_fstream.o
              c:/mysql/mysql-4.1.22/mysys/my_fstream.c
          c:/mysql/mysql-4.1.22/mysys/my_getsystime.o
              c:/mysql/mysql-4.1.22/mysys/my_getsystime.c
          c:/mysql/mysql-4.1.22/mysys/my_error.o
              c:/mysql/mysql-4.1.22/mysys/my_error.c
          c:/mysql/mysql-4.1.22/mysys/errors.o
              c:/mysql/mysql-4.1.22/mysys/errors.c
          c:/mysql/mysql-4.1.22/mysys/my_div.o
              c:/mysql/mysql-4.1.22/mysys/my_div.c
          c:/mysql/mysql-4.1.22/mysys/my_messnc.o
              c:/mysql/mysql-4.1.22/mysys/my_messnc.c
          c:/mysql/mysql-4.1.22/mysys/mf_format.o
              c:/mysql/mysql-4.1.22/mysys/mf_format.c
          c:/mysql/mysql-4.1.22/mysys/mf_same.o
              c:/mysql/mysql-4.1.22/mysys/mf_same.c
          c:/mysql/mysql-4.1.22/mysys/mf_dirname.o
              c:/mysql/mysql-4.1.22/mysys/mf_dirname.c
          c:/mysql/mysql-4.1.22/mysys/mf_fn_ext.o
              c:/mysql/mysql-4.1.22/mysys/mf_fn_ext.c
          c:/mysql/mysql-4.1.22/mysys/my_symlink.o
              c:/mysql/mysql-4.1.22/mysys/my_symlink.c
          c:/mysql/mysql-4.1.22/mysys/my_symlink2.o
              c:/mysql/mysql-4.1.22/mysys/my_symlink2.c
          c:/mysql/mysql-4.1.22/mysys/mf_pack.o
              c:/mysql/mysql-4.1.22/mysys/mf_pack.c
              c:/cygwin/usr/include/pwd.h
          c:/mysql/mysql-4.1.22/mysys/mf_unixpath.o
              c:/mysql/mysql-4.1.22/mysys/mf_unixpath.c
          c:/mysql/mysql-4.1.22/mysys/mf_strip.o
              c:/mysql/mysql-4.1.22/mysys/mf_strip.c
          c:/mysql/mysql-4.1.22/mysys/mf_wcomp.o
              c:/mysql/mysql-4.1.22/mysys/mf_wcomp.c
          c:/mysql/mysql-4.1.22/mysys/mf_wfile.o
              c:/mysql/mysql-4.1.22/mysys/mf_wfile.c
          c:/mysql/mysql-4.1.22/mysys/my_gethwaddr.o
              c:/mysql/mysql-4.1.22/mysys/my_gethwaddr.c
          c:/mysql/mysql-4.1.22/mysys/mf_qsort.o
              c:/mysql/mysql-4.1.22/mysys/mf_qsort.c
          c:/mysql/mysql-4.1.22/mysys/mf_qsort2.o
              c:/mysql/mysql-4.1.22/mysys/mf_qsort2.c
          c:/mysql/mysql-4.1.22/mysys/mf_sort.o
              c:/mysql/mysql-4.1.22/mysys/mf_sort.c
          c:/mysql/mysql-4.1.22/mysys/ptr_cmp.o
              c:/mysql/mysql-4.1.22/mysys/ptr_cmp.c
          c:/mysql/mysql-4.1.22/mysys/mf_radix.o
              c:/mysql/mysql-4.1.22/mysys/mf_radix.c
          c:/mysql/mysql-4.1.22/mysys/queues.o
              c:/mysql/mysql-4.1.22/mysys/queues.c
          c:/mysql/mysql-4.1.22/mysys/tree.o
              c:/mysql/mysql-4.1.22/mysys/tree.c
          c:/mysql/mysql-4.1.22/mysys/list.o
              c:/mysql/mysql-4.1.22/mysys/list.c
          c:/mysql/mysql-4.1.22/mysys/hash.o
              c:/mysql/mysql-4.1.22/mysys/hash.c
          c:/mysql/mysql-4.1.22/mysys/array.o
              c:/mysql/mysql-4.1.22/mysys/array.c
          c:/mysql/mysql-4.1.22/mysys/string.o
              c:/mysql/mysql-4.1.22/mysys/string.c
          c:/mysql/mysql-4.1.22/mysys/typelib.o
              c:/mysql/mysql-4.1.22/mysys/typelib.c
          c:/mysql/mysql-4.1.22/mysys/my_copy.o
              c:/mysql/mysql-4.1.22/mysys/my_copy.c
              c:/cygwin/usr/include/utime.h
              c:/cygwin/usr/include/sys/utime.h
          c:/mysql/mysql-4.1.22/mysys/my_append.o
              c:/mysql/mysql-4.1.22/mysys/my_append.c
          c:/mysql/mysql-4.1.22/mysys/my_lib.o
              c:/mysql/mysql-4.1.22/mysys/my_lib.c
              c:/cygwin/usr/include/dirent.h
              c:/cygwin/usr/include/sys/dirent.h
          c:/mysql/mysql-4.1.22/mysys/my_delete.o
              c:/mysql/mysql-4.1.22/mysys/my_delete.c
          c:/mysql/mysql-4.1.22/mysys/my_rename.o
              c:/mysql/mysql-4.1.22/mysys/my_rename.c
          c:/mysql/mysql-4.1.22/mysys/my_redel.o
              c:/mysql/mysql-4.1.22/mysys/my_redel.c
          c:/mysql/mysql-4.1.22/mysys/my_tempnam.o
              c:/mysql/mysql-4.1.22/mysys/my_tempnam.c
          c:/mysql/mysql-4.1.22/mysys/my_chsize.o
              c:/mysql/mysql-4.1.22/mysys/my_chsize.c
          c:/mysql/mysql-4.1.22/mysys/my_lread.o
              c:/mysql/mysql-4.1.22/mysys/my_lread.c
          c:/mysql/mysql-4.1.22/mysys/my_lwrite.o
              c:/mysql/mysql-4.1.22/mysys/my_lwrite.c
          c:/mysql/mysql-4.1.22/mysys/my_clock.o
              c:/mysql/mysql-4.1.22/mysys/my_clock.c
              c:/cygwin/usr/include/sys/times.h
          c:/mysql/mysql-4.1.22/mysys/my_quick.o
              c:/mysql/mysql-4.1.22/mysys/my_quick.c
              c:/mysql/mysql-4.1.22/include/my_nosys.h
          c:/mysql/mysql-4.1.22/mysys/my_lockmem.o
              c:/mysql/mysql-4.1.22/mysys/my_lockmem.c
          c:/mysql/mysql-4.1.22/mysys/my_static.o
              c:/mysql/mysql-4.1.22/mysys/my_static.c
          c:/mysql/mysql-4.1.22/mysys/my_sync.o
              c:/mysql/mysql-4.1.22/mysys/my_sync.c
          c:/mysql/mysql-4.1.22/mysys/my_getopt.o
              c:/mysql/mysql-4.1.22/mysys/my_getopt.c
              c:/mysql/mysql-4.1.22/include/help_start.h
              c:/mysql/mysql-4.1.22/include/help_end.h
          c:/mysql/mysql-4.1.22/mysys/my_mkdir.o
              c:/mysql/mysql-4.1.22/mysys/my_mkdir.c
          c:/mysql/mysql-4.1.22/mysys/default.o
              c:/mysql/mysql-4.1.22/mysys/default.c
          c:/mysql/mysql-4.1.22/mysys/my_compress.o
              c:/mysql/mysql-4.1.22/mysys/my_compress.c
          c:/mysql/mysql-4.1.22/mysys/checksum.o
              c:/mysql/mysql-4.1.22/mysys/checksum.c
          c:/mysql/mysql-4.1.22/mysys/raid.o
              c:/mysql/mysql-4.1.22/mysys/raid.cc
          c:/mysql/mysql-4.1.22/mysys/my_net.o
              c:/mysql/mysql-4.1.22/mysys/my_net.c
              c:/cygwin/usr/include/netdb.h
          c:/mysql/mysql-4.1.22/mysys/my_semaphore.o
              c:/mysql/mysql-4.1.22/mysys/my_semaphore.c
              c:/mysql/mysql-4.1.22/include/my_semaphore.h
              c:/cygwin/usr/include/semaphore.h
          c:/mysql/mysql-4.1.22/mysys/my_port.o
              c:/mysql/mysql-4.1.22/mysys/my_port.c
          c:/mysql/mysql-4.1.22/mysys/my_sleep.o
              c:/mysql/mysql-4.1.22/mysys/my_sleep.c
          c:/mysql/mysql-4.1.22/mysys/charset.o
              c:/mysql/mysql-4.1.22/mysys/charset.c
              c:/mysql/mysql-4.1.22/include/my_xml.h
          c:/mysql/mysql-4.1.22/mysys/charset-def.o
              c:/mysql/mysql-4.1.22/mysys/charset-def.c
          c:/mysql/mysql-4.1.22/mysys/my_bitmap.o
              c:/mysql/mysql-4.1.22/mysys/my_bitmap.c
              c:/mysql/mysql-4.1.22/include/my_bitmap.h
          c:/mysql/mysql-4.1.22/mysys/my_bit.o
              c:/mysql/mysql-4.1.22/mysys/my_bit.c
          c:/mysql/mysql-4.1.22/mysys/md5.o
              c:/mysql/mysql-4.1.22/mysys/md5.c
              c:/mysql/mysql-4.1.22/include/md5.h
          c:/mysql/mysql-4.1.22/mysys/my_gethostbyname.o
              c:/mysql/mysql-4.1.22/mysys/my_gethostbyname.c
          c:/mysql/mysql-4.1.22/mysys/rijndael.o
              c:/mysql/mysql-4.1.22/mysys/rijndael.c
              c:/mysql/mysql-4.1.22/include/rijndael.h
          c:/mysql/mysql-4.1.22/mysys/my_aes.o
              c:/mysql/mysql-4.1.22/mysys/my_aes.c
              c:/mysql/mysql-4.1.22/include/my_aes.h
          c:/mysql/mysql-4.1.22/mysys/sha1.o
              c:/mysql/mysql-4.1.22/mysys/sha1.c
              c:/mysql/mysql-4.1.22/include/sha1.h
          c:/mysql/mysql-4.1.22/mysys/my_handler.o
              c:/mysql/mysql-4.1.22/mysys/my_handler.c
          c:/mysql/mysql-4.1.22/mysys/my_netware.o
              c:/mysql/mysql-4.1.22/mysys/my_netware.c
          c:/mysql/mysql-4.1.22/mysys/my_windac.o
              c:/mysql/mysql-4.1.22/mysys/my_windac.c
          c:/mysql/mysql-4.1.22/mysys/my_access.o
              c:/mysql/mysql-4.1.22/mysys/my_access.c
          c:/mysql/mysql-4.1.22/mysys/thr_alarm.o
              c:/mysql/mysql-4.1.22/mysys/thr_alarm.c
              c:/mysql/mysql-4.1.22/include/thr_alarm.h
          c:/mysql/mysql-4.1.22/mysys/thr_lock.o
              c:/mysql/mysql-4.1.22/mysys/thr_lock.c
          c:/mysql/mysql-4.1.22/mysys/thr_mutex.o
              c:/mysql/mysql-4.1.22/mysys/thr_mutex.c
          c:/mysql/mysql-4.1.22/mysys/thr_rwlock.o
              c:/mysql/mysql-4.1.22/mysys/thr_rwlock.c
          c:/mysql/mysql-4.1.22/mysys/my_pthread.o
              c:/mysql/mysql-4.1.22/mysys/my_pthread.c
          c:/mysql/mysql-4.1.22/mysys/my_thr_init.o
              c:/mysql/mysql-4.1.22/mysys/my_thr_init.c
      c:/mysql/mysql-4.1.22/dbug/libdbug.a
          c:/mysql/mysql-4.1.22/dbug
          c:/mysql/mysql-4.1.22/dbug/dbug.o
              c:/mysql/mysql-4.1.22/dbug/dbug.c
          c:/mysql/mysql-4.1.22/dbug/sanity.o
              c:/mysql/mysql-4.1.22/dbug/sanity.c
      c:/mysql/mysql-4.1.22/regex/libregex.a
          c:/mysql/mysql-4.1.22/regex/regerror.o
              c:/mysql/mysql-4.1.22/regex/regerror.c
              c:/mysql/mysql-4.1.22/regex/my_regex.h
              c:/mysql/mysql-4.1.22/regex/utils.h
              c:/mysql/mysql-4.1.22/regex/regerror.ih
          c:/mysql/mysql-4.1.22/regex/regcomp.o
              c:/mysql/mysql-4.1.22/regex/regcomp.c
              c:/mysql/mysql-4.1.22/regex/regex2.h
              c:/mysql/mysql-4.1.22/regex/cclass.h
              c:/mysql/mysql-4.1.22/regex/cname.h
              c:/mysql/mysql-4.1.22/regex/regcomp.ih
          c:/mysql/mysql-4.1.22/regex/regexec.o
              c:/mysql/mysql-4.1.22/regex/regexec.c
              c:/mysql/mysql-4.1.22/regex/engine.c
              c:/mysql/mysql-4.1.22/regex/engine.ih
          c:/mysql/mysql-4.1.22/regex/regfree.o
              c:/mysql/mysql-4.1.22/regex/regfree.c
          c:/mysql/mysql-4.1.22/regex/reginit.o
              c:/mysql/mysql-4.1.22/regex/reginit.c
      c:/mysql/mysql-4.1.22/strings/libmystrings.a
          c:/mysql/mysql-4.1.22/strings
          c:/mysql/mysql-4.1.22/strings/strxmov.o
              c:/mysql/mysql-4.1.22/strings/strxmov.c
          c:/mysql/mysql-4.1.22/strings/bmove_upp.o
              c:/mysql/mysql-4.1.22/strings/bmove_upp.c
          c:/mysql/mysql-4.1.22/strings/strappend.o
              c:/mysql/mysql-4.1.22/strings/strappend.c
          c:/mysql/mysql-4.1.22/strings/strcont.o
              c:/mysql/mysql-4.1.22/strings/strcont.c
          c:/mysql/mysql-4.1.22/strings/strend.o
              c:/mysql/mysql-4.1.22/strings/strend.c
          c:/mysql/mysql-4.1.22/strings/strfill.o
              c:/mysql/mysql-4.1.22/strings/strfill.c
          c:/mysql/mysql-4.1.22/strings/strcend.o
              c:/mysql/mysql-4.1.22/strings/strcend.c
          c:/mysql/mysql-4.1.22/strings/is_prefix.o
              c:/mysql/mysql-4.1.22/strings/is_prefix.c
          c:/mysql/mysql-4.1.22/strings/strstr.o
              c:/mysql/mysql-4.1.22/strings/strstr.c
          c:/mysql/mysql-4.1.22/strings/strinstr.o
              c:/mysql/mysql-4.1.22/strings/strinstr.c
          c:/mysql/mysql-4.1.22/strings/strmake.o
              c:/mysql/mysql-4.1.22/strings/strmake.c
          c:/mysql/mysql-4.1.22/strings/strnmov.o
              c:/mysql/mysql-4.1.22/strings/strnmov.c
          c:/mysql/mysql-4.1.22/strings/strmov.o
              c:/mysql/mysql-4.1.22/strings/strmov.c
          c:/mysql/mysql-4.1.22/strings/longlong2str.o
              c:/mysql/mysql-4.1.22/strings/longlong2str.c
          c:/mysql/mysql-4.1.22/strings/bfill.o
              c:/mysql/mysql-4.1.22/strings/bfill.c
          c:/mysql/mysql-4.1.22/strings/bmove.o
              c:/mysql/mysql-4.1.22/strings/bmove.c
          c:/mysql/mysql-4.1.22/strings/bmove512.o
              c:/mysql/mysql-4.1.22/strings/bmove512.c
          c:/mysql/mysql-4.1.22/strings/bchange.o
              c:/mysql/mysql-4.1.22/strings/bchange.c
          c:/mysql/mysql-4.1.22/strings/strxnmov.o
              c:/mysql/mysql-4.1.22/strings/strxnmov.c
          c:/mysql/mysql-4.1.22/strings/int2str.o
              c:/mysql/mysql-4.1.22/strings/int2str.c
          c:/mysql/mysql-4.1.22/strings/str2int.o
              c:/mysql/mysql-4.1.22/strings/str2int.c
          c:/mysql/mysql-4.1.22/strings/r_strinstr.o
              c:/mysql/mysql-4.1.22/strings/r_strinstr.c
          c:/mysql/mysql-4.1.22/strings/strtod.o
              c:/mysql/mysql-4.1.22/strings/strtod.c
          c:/mysql/mysql-4.1.22/strings/bcmp.o
              c:/mysql/mysql-4.1.22/strings/bcmp.c
          c:/mysql/mysql-4.1.22/strings/strtol.o
              c:/mysql/mysql-4.1.22/strings/strtol.c
          c:/mysql/mysql-4.1.22/strings/strtoul.o
              c:/mysql/mysql-4.1.22/strings/strtoul.c
          c:/mysql/mysql-4.1.22/strings/strtoll.o
              c:/mysql/mysql-4.1.22/strings/strtoll.c
          c:/mysql/mysql-4.1.22/strings/strtoull.o
              c:/mysql/mysql-4.1.22/strings/strtoull.c
          c:/mysql/mysql-4.1.22/strings/llstr.o
              c:/mysql/mysql-4.1.22/strings/llstr.c
          c:/mysql/mysql-4.1.22/strings/strnlen.o
              c:/mysql/mysql-4.1.22/strings/strnlen.c
          c:/mysql/mysql-4.1.22/strings/ctype.o
              c:/mysql/mysql-4.1.22/strings/ctype.c
          c:/mysql/mysql-4.1.22/strings/ctype-simple.o
              c:/mysql/mysql-4.1.22/strings/ctype-simple.c
          c:/mysql/mysql-4.1.22/strings/ctype-mb.o
              c:/mysql/mysql-4.1.22/strings/ctype-mb.c
          c:/mysql/mysql-4.1.22/strings/ctype-big5.o
              c:/mysql/mysql-4.1.22/strings/ctype-big5.c
          c:/mysql/mysql-4.1.22/strings/ctype-cp932.o
              c:/mysql/mysql-4.1.22/strings/ctype-cp932.c
          c:/mysql/mysql-4.1.22/strings/ctype-czech.o
              c:/mysql/mysql-4.1.22/strings/ctype-czech.c
          c:/mysql/mysql-4.1.22/strings/ctype-euc_kr.o
              c:/mysql/mysql-4.1.22/strings/ctype-euc_kr.c
          c:/mysql/mysql-4.1.22/strings/ctype-gb2312.o
              c:/mysql/mysql-4.1.22/strings/ctype-gb2312.c
          c:/mysql/mysql-4.1.22/strings/ctype-gbk.o
              c:/mysql/mysql-4.1.22/strings/ctype-gbk.c
          c:/mysql/mysql-4.1.22/strings/ctype-sjis.o
              c:/mysql/mysql-4.1.22/strings/ctype-sjis.c
          c:/mysql/mysql-4.1.22/strings/ctype-tis620.o
              c:/mysql/mysql-4.1.22/strings/ctype-tis620.c
              c:/mysql/mysql-4.1.22/strings/t_ctype.h
          c:/mysql/mysql-4.1.22/strings/ctype-ujis.o
              c:/mysql/mysql-4.1.22/strings/ctype-ujis.c
          c:/mysql/mysql-4.1.22/strings/ctype-utf8.o
              c:/mysql/mysql-4.1.22/strings/ctype-utf8.c
          c:/mysql/mysql-4.1.22/strings/ctype-ucs2.o
              c:/mysql/mysql-4.1.22/strings/ctype-ucs2.c
          c:/mysql/mysql-4.1.22/strings/ctype-uca.o
              c:/mysql/mysql-4.1.22/strings/ctype-uca.c
          c:/mysql/mysql-4.1.22/strings/ctype-win1250ch.o
              c:/mysql/mysql-4.1.22/strings/ctype-win1250ch.c
          c:/mysql/mysql-4.1.22/strings/ctype-bin.o
              c:/mysql/mysql-4.1.22/strings/ctype-bin.c
          c:/mysql/mysql-4.1.22/strings/ctype-latin1.o
              c:/mysql/mysql-4.1.22/strings/ctype-latin1.c
          c:/mysql/mysql-4.1.22/strings/my_vsnprintf.o
              c:/mysql/mysql-4.1.22/strings/my_vsnprintf.c
          c:/mysql/mysql-4.1.22/strings/xml.o
              c:/mysql/mysql-4.1.22/strings/xml.c
          c:/mysql/mysql-4.1.22/strings/ctype-extra.o
              c:/mysql/mysql-4.1.22/strings/ctype-extra.c
          c:/mysql/mysql-4.1.22/strings/my_strtoll10.o
              c:/mysql/mysql-4.1.22/strings/my_strtoll10.c
      c:/mysql/mysql-4.1.22/zlib/.libs/libz.a
      c:/cygwin/lib/libcrypt.dll.a
      c:/cygwin/lib/gcc/i686-pc-cygwin/3.4.4/libstdc++.a
      c:/cygwin/lib/w32api/libuser32.a
      c:/cygwin/lib/w32api/libadvapi32.a
      c:/cygwin/lib/libcygwin.a
      c:/cygwin/lib/w32api/libkernel32.a
      c:/cygwin/lib/w32api/libshell32.a
      c:/cygwin/lib/gcc/i686-pc-cygwin/3.4.4/libgcc.a
  c:/mysql/mysql-4.1.22/sql/sql_lex.o
      c:/mysql/mysql-4.1.22/sql/sql_lex.cc
      c:/mysql/mysql-4.1.22/sql/mysql_priv.h
      c:/mysql/mysql-4.1.22/include/mysql_version.h
      c:/mysql/mysql-4.1.22/include/mysql_embed.h
      c:/mysql/mysql-4.1.22/sql/sql_bitmap.h
      c:/mysql/mysql-4.1.22/sql/unireg.h
      c:/mysql/mysql-4.1.22/include/mysqld_error.h
      c:/mysql/mysql-4.1.22/sql/structs.h
      c:/mysql/mysql-4.1.22/sql/sql_string.h
      c:/mysql/mysql-4.1.22/sql/sql_list.h
      c:/mysql/mysql-4.1.22/sql/sql_map.h
      c:/mysql/mysql-4.1.22/sql/handler.h
      c:/mysql/mysql-4.1.22/sql/table.h
      c:/mysql/mysql-4.1.22/sql/field.h
      c:/mysql/mysql-4.1.22/sql/protocol.h
      c:/mysql/mysql-4.1.22/sql/sql_udf.h
      c:/mysql/mysql-4.1.22/sql/item.h
      c:/mysql/mysql-4.1.22/sql/gstream.h
      c:/mysql/mysql-4.1.22/sql/spatial.h
      c:/mysql/mysql-4.1.22/sql/item_sum.h
      c:/mysql/mysql-4.1.22/sql/item_func.h
      c:/mysql/mysql-4.1.22/sql/item_row.h
      c:/mysql/mysql-4.1.22/sql/item_cmpfunc.h
      c:/mysql/mysql-4.1.22/sql/item_strfunc.h
      c:/mysql/mysql-4.1.22/sql/sql_crypt.h
      c:/mysql/mysql-4.1.22/sql/item_geofunc.h
      c:/mysql/mysql-4.1.22/sql/item_timefunc.h
      c:/mysql/mysql-4.1.22/sql/item_uniq.h
      c:/mysql/mysql-4.1.22/sql/item_subselect.h
      c:/mysql/mysql-4.1.22/sql/sql_class.h
      c:/mysql/mysql-4.1.22/sql/sql_lex.h
      c:/mysql/mysql-4.1.22/sql/set_var.h
      c:/mysql/mysql-4.1.22/sql/lex_symbol.h
      c:/mysql/mysql-4.1.22/sql/sql_yacc.h
      c:/mysql/mysql-4.1.22/sql/log_event.h
      c:/mysql/mysql-4.1.22/sql/sql_acl.h
      c:/mysql/mysql-4.1.22/sql/opt_range.h
      c:/mysql/mysql-4.1.22/sql/sql_cache.h
      c:/mysql/mysql-4.1.22/sql/item_create.h
      c:/mysql/mysql-4.1.22/sql/lex_hash.h
      c:/mysql/mysql-4.1.22/sql/lex.h
  c:/mysql/mysql-4.1.22/sql/sql_handler.o
      c:/mysql/mysql-4.1.22/sql/sql_handler.cc
      c:/mysql/mysql-4.1.22/sql/sql_select.h
      c:/mysql/mysql-4.1.22/sql/procedure.h
  c:/mysql/mysql-4.1.22/sql/item.o
      c:/mysql/mysql-4.1.22/sql/item.cc
  c:/mysql/mysql-4.1.22/sql/item_sum.o
      c:/mysql/mysql-4.1.22/sql/item_sum.cc
  c:/mysql/mysql-4.1.22/sql/item_buff.o
      c:/mysql/mysql-4.1.22/sql/item_buff.cc
  c:/mysql/mysql-4.1.22/sql/item_func.o
      c:/mysql/mysql-4.1.22/sql/item_func.cc
      c:/mysql/mysql-4.1.22/sql/slave.h
      c:/mysql/mysql-4.1.22/include/mysql.h
  c:/mysql/mysql-4.1.22/sql/item_cmpfunc.o
      c:/mysql/mysql-4.1.22/sql/item_cmpfunc.cc
  c:/mysql/mysql-4.1.22/sql/item_strfunc.o
      c:/mysql/mysql-4.1.22/sql/item_strfunc.cc
  c:/mysql/mysql-4.1.22/sql/item_timefunc.o
      c:/mysql/mysql-4.1.22/sql/item_timefunc.cc
  c:/mysql/mysql-4.1.22/sql/thr_malloc.o
      c:/mysql/mysql-4.1.22/sql/thr_malloc.cc
  c:/mysql/mysql-4.1.22/sql/item_create.o
      c:/mysql/mysql-4.1.22/sql/item_create.cc
  c:/mysql/mysql-4.1.22/sql/item_subselect.o
      c:/mysql/mysql-4.1.22/sql/item_subselect.cc
  c:/mysql/mysql-4.1.22/sql/item_row.o
      c:/mysql/mysql-4.1.22/sql/item_row.cc
  c:/mysql/mysql-4.1.22/sql/item_geofunc.o
      c:/mysql/mysql-4.1.22/sql/item_geofunc.cc
  c:/mysql/mysql-4.1.22/sql/field.o
      c:/mysql/mysql-4.1.22/sql/field.cc
  c:/mysql/mysql-4.1.22/sql/strfunc.o
      c:/mysql/mysql-4.1.22/sql/strfunc.cc
  c:/mysql/mysql-4.1.22/sql/key.o
      c:/mysql/mysql-4.1.22/sql/key.cc
  c:/mysql/mysql-4.1.22/sql/sql_class.o
      c:/mysql/mysql-4.1.22/sql/sql_class.cc
  c:/mysql/mysql-4.1.22/sql/sql_list.o
      c:/mysql/mysql-4.1.22/sql/sql_list.cc
  c:/mysql/mysql-4.1.22/sql/net_serv.o
      c:/mysql/mysql-4.1.22/sql/net_serv.cc
  c:/mysql/mysql-4.1.22/sql/protocol.o
      c:/mysql/mysql-4.1.22/sql/protocol.cc
  c:/mysql/mysql-4.1.22/sql/sql_state.o
      c:/mysql/mysql-4.1.22/sql/sql_state.c
      c:/mysql/mysql-4.1.22/include/sql_state.h
  c:/mysql/mysql-4.1.22/sql/lock.o
      c:/mysql/mysql-4.1.22/sql/lock.cc
  c:/mysql/mysql-4.1.22/sql/my_lock.o
      c:/mysql/mysql-4.1.22/sql/my_lock.c
  c:/mysql/mysql-4.1.22/sql/sql_string.o
      c:/mysql/mysql-4.1.22/sql/sql_string.cc
  c:/mysql/mysql-4.1.22/sql/sql_manager.o
      c:/mysql/mysql-4.1.22/sql/sql_manager.cc
      c:/mysql/mysql-4.1.22/sql/sql_manager.h
  c:/mysql/mysql-4.1.22/sql/sql_map.o
      c:/mysql/mysql-4.1.22/sql/sql_map.cc
  c:/mysql/mysql-4.1.22/sql/mysqld.o
      c:/mysql/mysql-4.1.22/sql/mysqld.cc
      c:/mysql/mysql-4.1.22/sql/sql_repl.h
      c:/mysql/mysql-4.1.22/sql/repl_failsafe.h
      c:/mysql/mysql-4.1.22/sql/stacktrace.h
      c:/mysql/mysql-4.1.22/sql/mysqld_suffix.h
      c:/mysql/mysql-4.1.22/sql/ha_innodb.h
      c:/mysql/mysql-4.1.22/sql/ha_myisam.h
      c:/mysql/mysql-4.1.22/include/nisam.h
      c:/mysql/mysql-4.1.22/include/errmsg.h
      c:/cygwin/usr/include/grp.h
      c:/cygwin/usr/include/cygwin/grp.h
      c:/cygwin/usr/include/sys/un.h
      c:/cygwin/usr/include/sys/utsname.h
      c:/mysql/mysql-4.1.22/include/sslopt-vars.h
      c:/mysql/mysql-4.1.22/include/sslopt-case.h
  c:/mysql/mysql-4.1.22/sql/password.o
      c:/mysql/mysql-4.1.22/sql/password.c
  c:/mysql/mysql-4.1.22/sql/hash_filo.o
      c:/mysql/mysql-4.1.22/sql/hash_filo.cc
      c:/mysql/mysql-4.1.22/sql/hash_filo.h
  c:/mysql/mysql-4.1.22/sql/hostname.o
      c:/mysql/mysql-4.1.22/sql/hostname.cc
  c:/mysql/mysql-4.1.22/sql/set_var.o
      c:/mysql/mysql-4.1.22/sql/set_var.cc
  c:/mysql/mysql-4.1.22/sql/sql_parse.o
      c:/mysql/mysql-4.1.22/sql/sql_parse.cc
  c:/mysql/mysql-4.1.22/sql/sql_yacc.o
      c:/mysql/mysql-4.1.22/sql/sql_yacc.cc
  c:/mysql/mysql-4.1.22/sql/sql_base.o
      c:/mysql/mysql-4.1.22/sql/sql_base.cc
  c:/mysql/mysql-4.1.22/sql/table.o
      c:/mysql/mysql-4.1.22/sql/table.cc
  c:/mysql/mysql-4.1.22/sql/sql_select.o
      c:/mysql/mysql-4.1.22/sql/sql_select.cc
  c:/mysql/mysql-4.1.22/sql/sql_insert.o
      c:/mysql/mysql-4.1.22/sql/sql_insert.cc
  c:/mysql/mysql-4.1.22/sql/sql_prepare.o
      c:/mysql/mysql-4.1.22/sql/sql_prepare.cc
  c:/mysql/mysql-4.1.22/sql/sql_error.o
      c:/mysql/mysql-4.1.22/sql/sql_error.cc
  c:/mysql/mysql-4.1.22/sql/sql_locale.o
      c:/mysql/mysql-4.1.22/sql/sql_locale.cc
  c:/mysql/mysql-4.1.22/sql/sql_update.o
      c:/mysql/mysql-4.1.22/sql/sql_update.cc
  c:/mysql/mysql-4.1.22/sql/sql_delete.o
      c:/mysql/mysql-4.1.22/sql/sql_delete.cc
  c:/mysql/mysql-4.1.22/sql/uniques.o
      c:/mysql/mysql-4.1.22/sql/uniques.cc
      c:/mysql/mysql-4.1.22/sql/sql_sort.h
  c:/mysql/mysql-4.1.22/sql/sql_do.o
      c:/mysql/mysql-4.1.22/sql/sql_do.cc
  c:/mysql/mysql-4.1.22/sql/procedure.o
      c:/mysql/mysql-4.1.22/sql/procedure.cc
      c:/mysql/mysql-4.1.22/sql/sql_analyse.h
  c:/mysql/mysql-4.1.22/sql/item_uniq.o
      c:/mysql/mysql-4.1.22/sql/item_uniq.cc
  c:/mysql/mysql-4.1.22/sql/sql_test.o
      c:/mysql/mysql-4.1.22/sql/sql_test.cc
      c:/cygwin/usr/include/malloc.h
      c:/cygwin/usr/include/machine/malloc.h
  c:/mysql/mysql-4.1.22/sql/log.o
      c:/mysql/mysql-4.1.22/sql/log.cc
  c:/mysql/mysql-4.1.22/sql/log_event.o
      c:/mysql/mysql-4.1.22/sql/log_event.cc
  c:/mysql/mysql-4.1.22/sql/init.o
      c:/mysql/mysql-4.1.22/sql/init.cc
  c:/mysql/mysql-4.1.22/sql/derror.o
      c:/mysql/mysql-4.1.22/sql/derror.cc
  c:/mysql/mysql-4.1.22/sql/sql_acl.o
      c:/mysql/mysql-4.1.22/sql/sql_acl.cc
  c:/mysql/mysql-4.1.22/sql/unireg.o
      c:/mysql/mysql-4.1.22/sql/unireg.cc
  c:/mysql/mysql-4.1.22/sql/des_key_file.o
      c:/mysql/mysql-4.1.22/sql/des_key_file.cc
  c:/mysql/mysql-4.1.22/sql/discover.o
      c:/mysql/mysql-4.1.22/sql/discover.cc
  c:/mysql/mysql-4.1.22/sql/time.o
      c:/mysql/mysql-4.1.22/sql/time.cc
  c:/mysql/mysql-4.1.22/sql/opt_range.o
      c:/mysql/mysql-4.1.22/sql/opt_range.cc
  c:/mysql/mysql-4.1.22/sql/opt_sum.o
      c:/mysql/mysql-4.1.22/sql/opt_sum.cc
  c:/mysql/mysql-4.1.22/sql/records.o
      c:/mysql/mysql-4.1.22/sql/records.cc
  c:/mysql/mysql-4.1.22/sql/filesort.o
      c:/mysql/mysql-4.1.22/sql/filesort.cc
  c:/mysql/mysql-4.1.22/sql/handler.o
      c:/mysql/mysql-4.1.22/sql/handler.cc
      c:/mysql/mysql-4.1.22/sql/ha_heap.h
      c:/mysql/mysql-4.1.22/sql/ha_myisammrg.h
  c:/mysql/mysql-4.1.22/sql/ha_heap.o
      c:/mysql/mysql-4.1.22/sql/ha_heap.cc
  c:/mysql/mysql-4.1.22/sql/ha_myisam.o
      c:/mysql/mysql-4.1.22/sql/ha_myisam.cc
  c:/mysql/mysql-4.1.22/sql/ha_myisammrg.o
      c:/mysql/mysql-4.1.22/sql/ha_myisammrg.cc
  c:/mysql/mysql-4.1.22/sql/ha_berkeley.o
      c:/mysql/mysql-4.1.22/sql/ha_berkeley.cc
  c:/mysql/mysql-4.1.22/sql/ha_innodb.o
      c:/mysql/mysql-4.1.22/sql/ha_innodb.cc
      c:/mysql/mysql-4.1.22/innobase/include/univ.i
      c:/mysql/mysql-4.1.22/innobase/ib_config.h
      c:/mysql/mysql-4.1.22/innobase/include/ut0dbg.h
      c:/mysql/mysql-4.1.22/innobase/include/os0thread.h
      c:/mysql/mysql-4.1.22/innobase/include/ut0ut.h
      c:/mysql/mysql-4.1.22/innobase/include/db0err.h
      c:/mysql/mysql-4.1.22/innobase/include/os0file.h
      c:/mysql/mysql-4.1.22/innobase/include/srv0start.h
      c:/mysql/mysql-4.1.22/innobase/include/ut0byte.h
      c:/mysql/mysql-4.1.22/innobase/include/srv0srv.h
      c:/mysql/mysql-4.1.22/innobase/include/sync0sync.h
      c:/mysql/mysql-4.1.22/innobase/include/sync0types.h
      c:/mysql/mysql-4.1.22/innobase/include/ut0lst.h
      c:/mysql/mysql-4.1.22/innobase/include/ut0mem.h
      c:/mysql/mysql-4.1.22/innobase/include/os0sync.h
      c:/mysql/mysql-4.1.22/innobase/include/sync0arr.h
      c:/mysql/mysql-4.1.22/innobase/include/que0types.h
      c:/mysql/mysql-4.1.22/innobase/include/data0data.h
      c:/mysql/mysql-4.1.22/innobase/include/data0types.h
      c:/mysql/mysql-4.1.22/innobase/include/data0type.h
      c:/mysql/mysql-4.1.22/innobase/include/mem0mem.h
      c:/mysql/mysql-4.1.22/innobase/include/ut0rnd.h
      c:/mysql/mysql-4.1.22/innobase/include/mach0data.h
      c:/mysql/mysql-4.1.22/innobase/include/mem0dbg.h
      c:/mysql/mysql-4.1.22/innobase/include/dict0types.h
      c:/mysql/mysql-4.1.22/innobase/include/trx0types.h
      c:/mysql/mysql-4.1.22/innobase/include/lock0types.h
      c:/mysql/mysql-4.1.22/innobase/include/trx0roll.h
      c:/mysql/mysql-4.1.22/innobase/include/trx0trx.h
      c:/mysql/mysql-4.1.22/innobase/include/usr0types.h
      c:/mysql/mysql-4.1.22/innobase/include/read0types.h
      c:/mysql/mysql-4.1.22/innobase/include/mtr0mtr.h
      c:/mysql/mysql-4.1.22/innobase/include/dyn0dyn.h
      c:/mysql/mysql-4.1.22/innobase/include/buf0types.h
      c:/mysql/mysql-4.1.22/innobase/include/sync0rw.h
      c:/mysql/mysql-4.1.22/innobase/include/mtr0types.h
      c:/mysql/mysql-4.1.22/innobase/include/page0types.h
      c:/mysql/mysql-4.1.22/innobase/include/trx0sys.h
      c:/mysql/mysql-4.1.22/innobase/include/mtr0log.h
      c:/mysql/mysql-4.1.22/innobase/include/buf0buf.h
      c:/mysql/mysql-4.1.22/innobase/include/fil0fil.h
      c:/mysql/mysql-4.1.22/innobase/include/ibuf0types.h
      c:/mysql/mysql-4.1.22/innobase/include/hash0hash.h
      c:/mysql/mysql-4.1.22/innobase/include/os0proc.h
      c:/mysql/mysql-4.1.22/innobase/include/fut0lst.h
      c:/mysql/mysql-4.1.22/innobase/include/fsp0fsp.h
      c:/mysql/mysql-4.1.22/innobase/include/row0ins.h
      c:/mysql/mysql-4.1.22/innobase/include/row0types.h
      c:/mysql/mysql-4.1.22/innobase/include/row0mysql.h
      c:/mysql/mysql-4.1.22/innobase/include/btr0pcur.h
      c:/mysql/mysql-4.1.22/innobase/include/dict0dict.h
      c:/mysql/mysql-4.1.22/innobase/include/dict0mem.h
      c:/mysql/mysql-4.1.22/innobase/include/rem0types.h
      c:/mysql/mysql-4.1.22/innobase/include/btr0types.h
      c:/mysql/mysql-4.1.22/innobase/include/page0cur.h
      c:/mysql/mysql-4.1.22/innobase/include/page0page.h
      c:/mysql/mysql-4.1.22/innobase/include/rem0rec.h
      c:/mysql/mysql-4.1.22/innobase/include/btr0cur.h
      c:/mysql/mysql-4.1.22/innobase/include/ha0ha.h
      c:/mysql/mysql-4.1.22/innobase/include/btr0btr.h
      c:/mysql/mysql-4.1.22/innobase/include/row0sel.h
      c:/mysql/mysql-4.1.22/innobase/include/pars0sym.h
      c:/mysql/mysql-4.1.22/innobase/include/pars0types.h
      c:/mysql/mysql-4.1.22/innobase/include/read0read.h
      c:/mysql/mysql-4.1.22/innobase/include/row0upd.h
      c:/mysql/mysql-4.1.22/innobase/include/log0log.h
      c:/mysql/mysql-4.1.22/innobase/include/lock0lock.h
      c:/mysql/mysql-4.1.22/innobase/include/dict0crea.h
  c:/mysql/mysql-4.1.22/sql/ha_isam.o
      c:/mysql/mysql-4.1.22/sql/ha_isam.cc
  c:/mysql/mysql-4.1.22/sql/ha_isammrg.o
      c:/mysql/mysql-4.1.22/sql/ha_isammrg.cc
  c:/mysql/mysql-4.1.22/sql/ha_ndbcluster.o
      c:/mysql/mysql-4.1.22/sql/ha_ndbcluster.cc
  c:/mysql/mysql-4.1.22/sql/sql_db.o
      c:/mysql/mysql-4.1.22/sql/sql_db.cc
  c:/mysql/mysql-4.1.22/sql/sql_table.o
      c:/mysql/mysql-4.1.22/sql/sql_table.cc
  c:/mysql/mysql-4.1.22/sql/sql_rename.o
      c:/mysql/mysql-4.1.22/sql/sql_rename.cc
  c:/mysql/mysql-4.1.22/sql/sql_crypt.o
      c:/mysql/mysql-4.1.22/sql/sql_crypt.cc
  c:/mysql/mysql-4.1.22/sql/sql_load.o
      c:/mysql/mysql-4.1.22/sql/sql_load.cc
  c:/mysql/mysql-4.1.22/sql/mf_iocache.o
      c:/mysql/mysql-4.1.22/sql/mf_iocache.cc
  c:/mysql/mysql-4.1.22/sql/field_conv.o
      c:/mysql/mysql-4.1.22/sql/field_conv.cc
  c:/mysql/mysql-4.1.22/sql/sql_show.o
      c:/mysql/mysql-4.1.22/sql/sql_show.cc
  c:/mysql/mysql-4.1.22/sql/sql_udf.o
      c:/mysql/mysql-4.1.22/sql/sql_udf.cc
      c:/cygwin/usr/include/dlfcn.h
  c:/mysql/mysql-4.1.22/sql/sql_analyse.o
      c:/mysql/mysql-4.1.22/sql/sql_analyse.cc
  c:/mysql/mysql-4.1.22/sql/sql_cache.o
      c:/mysql/mysql-4.1.22/sql/sql_cache.cc
  c:/mysql/mysql-4.1.22/sql/slave.o
      c:/mysql/mysql-4.1.22/sql/slave.cc
      c:/mysql/mysql-4.1.22/include/sql_common.h
  c:/mysql/mysql-4.1.22/sql/sql_repl.o
      c:/mysql/mysql-4.1.22/sql/sql_repl.cc
  c:/mysql/mysql-4.1.22/sql/sql_union.o
      c:/mysql/mysql-4.1.22/sql/sql_union.cc
  c:/mysql/mysql-4.1.22/sql/sql_derived.o
      c:/mysql/mysql-4.1.22/sql/sql_derived.cc
  c:/mysql/mysql-4.1.22/sql/client.o
      c:/mysql/mysql-4.1.22/sql-common/client.c
      c:/mysql/mysql-4.1.22/sql/client_settings.h
  c:/mysql/mysql-4.1.22/sql/sql_client.o
      c:/mysql/mysql-4.1.22/sql/sql_client.cc
  c:/mysql/mysql-4.1.22/sql/mini_client_errors.o
      c:/mysql/mysql-4.1.22/libmysql/errmsg.c
  c:/mysql/mysql-4.1.22/sql/pack.o
      c:/mysql/mysql-4.1.22/sql-common/pack.c
  c:/mysql/mysql-4.1.22/sql/stacktrace.o
      c:/mysql/mysql-4.1.22/sql/stacktrace.c
  c:/mysql/mysql-4.1.22/sql/repl_failsafe.o
      c:/mysql/mysql-4.1.22/sql/repl_failsafe.cc
  c:/mysql/mysql-4.1.22/sql/gstream.o
      c:/mysql/mysql-4.1.22/sql/gstream.cc
  c:/mysql/mysql-4.1.22/sql/spatial.o
      c:/mysql/mysql-4.1.22/sql/spatial.cc
  c:/mysql/mysql-4.1.22/sql/sql_help.o
      c:/mysql/mysql-4.1.22/sql/sql_help.cc
  c:/mysql/mysql-4.1.22/sql/protocol_cursor.o
      c:/mysql/mysql-4.1.22/sql/protocol_cursor.cc
  c:/mysql/mysql-4.1.22/sql/tztime.o
      c:/mysql/mysql-4.1.22/sql/tztime.cc
  c:/mysql/mysql-4.1.22/sql/my_time.o
      c:/mysql/mysql-4.1.22/sql-common/my_time.c
  c:/mysql/mysql-4.1.22/sql/ha_example.o
      c:/mysql/mysql-4.1.22/sql/examples/ha_example.cc
  c:/mysql/mysql-4.1.22/sql/ha_archive.o
      c:/mysql/mysql-4.1.22/sql/examples/ha_archive.cc
  c:/mysql/mysql-4.1.22/sql/ha_tina.o
      c:/mysql/mysql-4.1.22/sql/examples/ha_tina.cc
  c:/mysql/mysql-4.1.22/sql/ha_blackhole.o
      c:/mysql/mysql-4.1.22/sql/ha_blackhole.cc
  c:/mysql/mysql-4.1.22/innobase/usr/libusr.a
      c:/mysql/mysql-4.1.22/innobase/usr
      c:/mysql/mysql-4.1.22/innobase/usr/usr0sess.o
          c:/mysql/mysql-4.1.22/innobase
          c:/mysql/mysql-4.1.22/innobase/usr/usr0sess.c
          c:/mysql/mysql-4.1.22/innobase/include/usr0sess.h
          c:/mysql/mysql-4.1.22/innobase/include/os0thread.ic
          c:/cygwin/usr/include/ctype.h
          c:/mysql/mysql-4.1.22/innobase/include/ut0ut.ic
          c:/mysql/mysql-4.1.22/innobase/include/ut0byte.ic
          c:/mysql/mysql-4.1.22/innobase/include/ut0mem.ic
          c:/mysql/mysql-4.1.22/innobase/include/os0sync.ic
          c:/mysql/mysql-4.1.22/innobase/include/sync0arr.ic
          c:/mysql/mysql-4.1.22/innobase/include/sync0sync.ic
          c:/mysql/mysql-4.1.22/innobase/include/data0type.ic
          c:/mysql/mysql-4.1.22/innobase/include/mach0data.ic
          c:/mysql/mysql-4.1.22/innobase/include/ut0rnd.ic
          c:/mysql/mysql-4.1.22/innobase/include/mem0mem.ic
          c:/mysql/mysql-4.1.22/innobase/include/mem0dbg.ic
          c:/mysql/mysql-4.1.22/innobase/include/mem0pool.h
          c:/mysql/mysql-4.1.22/innobase/include/mem0pool.ic
          c:/mysql/mysql-4.1.22/innobase/include/data0data.ic
          c:/mysql/mysql-4.1.22/innobase/include/rem0rec.ic
          c:/mysql/mysql-4.1.22/innobase/include/usr0sess.ic
          c:/mysql/mysql-4.1.22/innobase/include/trx0trx.ic
  c:/mysql/mysql-4.1.22/innobase/dict/libdict.a
      c:/mysql/mysql-4.1.22/innobase/dict
      c:/mysql/mysql-4.1.22/innobase/dict/dict0boot.o
          c:/mysql/mysql-4.1.22/innobase/dict/dict0boot.c
          c:/mysql/mysql-4.1.22/innobase/include/dict0boot.h
          c:/mysql/mysql-4.1.22/innobase/include/dyn0dyn.ic
          c:/mysql/mysql-4.1.22/innobase/include/sync0rw.ic
          c:/mysql/mysql-4.1.22/innobase/include/mtr0mtr.ic
          c:/mysql/mysql-4.1.22/innobase/include/mtr0log.ic
          c:/mysql/mysql-4.1.22/innobase/include/hash0hash.ic
          c:/mysql/mysql-4.1.22/innobase/include/os0proc.ic
          c:/mysql/mysql-4.1.22/innobase/include/buf0buf.ic
          c:/mysql/mysql-4.1.22/innobase/include/buf0flu.h
          c:/mysql/mysql-4.1.22/innobase/include/buf0flu.ic
          c:/mysql/mysql-4.1.22/innobase/include/buf0lru.h
          c:/mysql/mysql-4.1.22/innobase/include/buf0lru.ic
          c:/mysql/mysql-4.1.22/innobase/include/buf0rea.h
          c:/mysql/mysql-4.1.22/innobase/include/fut0lst.ic
          c:/mysql/mysql-4.1.22/innobase/include/fut0fut.h
          c:/mysql/mysql-4.1.22/innobase/include/fut0fut.ic
          c:/mysql/mysql-4.1.22/innobase/include/fsp0fsp.ic
          c:/mysql/mysql-4.1.22/innobase/include/dict0mem.ic
          c:/mysql/mysql-4.1.22/innobase/include/dict0dict.ic
          c:/mysql/mysql-4.1.22/innobase/include/dict0load.h
          c:/mysql/mysql-4.1.22/innobase/include/dict0load.ic
          c:/mysql/mysql-4.1.22/innobase/include/trx0undo.h
          c:/mysql/mysql-4.1.22/innobase/include/trx0sys.ic
          c:/mysql/mysql-4.1.22/innobase/include/trx0undo.ic
          c:/mysql/mysql-4.1.22/innobase/include/dict0boot.ic
          c:/mysql/mysql-4.1.22/innobase/include/dict0crea.ic
          c:/mysql/mysql-4.1.22/innobase/include/page0page.ic
          c:/mysql/mysql-4.1.22/innobase/include/rem0cmp.h
          c:/mysql/mysql-4.1.22/innobase/include/rem0cmp.ic
          c:/mysql/mysql-4.1.22/innobase/include/page0cur.ic
          c:/mysql/mysql-4.1.22/innobase/include/btr0btr.ic
          c:/mysql/mysql-4.1.22/innobase/include/ibuf0ibuf.h
          c:/mysql/mysql-4.1.22/innobase/include/ibuf0ibuf.ic
          c:/mysql/mysql-4.1.22/innobase/include/log0recv.h
          c:/mysql/mysql-4.1.22/innobase/include/log0log.ic
          c:/mysql/mysql-4.1.22/innobase/include/log0recv.ic
      c:/mysql/mysql-4.1.22/innobase/dict/dict0crea.o
          c:/mysql/mysql-4.1.22/innobase/dict/dict0crea.c
          c:/mysql/mysql-4.1.22/innobase/include/ha0ha.ic
          c:/mysql/mysql-4.1.22/innobase/include/btr0cur.ic
          c:/mysql/mysql-4.1.22/innobase/include/btr0pcur.ic
          c:/mysql/mysql-4.1.22/innobase/include/que0que.h
          c:/mysql/mysql-4.1.22/innobase/include/que0que.ic
          c:/mysql/mysql-4.1.22/innobase/include/row0ins.ic
          c:/mysql/mysql-4.1.22/innobase/include/row0mysql.ic
          c:/mysql/mysql-4.1.22/innobase/include/pars0pars.h
          c:/mysql/mysql-4.1.22/innobase/include/pars0pars.ic
          c:/mysql/mysql-4.1.22/innobase/include/trx0roll.ic
      c:/mysql/mysql-4.1.22/innobase/dict/dict0dict.o
          c:/mysql/mysql-4.1.22/innobase/dict/dict0dict.c
          c:/mysql/mysql-4.1.22/innobase/include/btr0sea.h
          c:/mysql/mysql-4.1.22/innobase/include/btr0sea.ic
          c:/mysql/mysql-4.1.22/innobase/include/pars0sym.ic
      c:/mysql/mysql-4.1.22/innobase/dict/dict0load.o
          c:/mysql/mysql-4.1.22/innobase/dict/dict0load.c
      c:/mysql/mysql-4.1.22/innobase/dict/dict0mem.o
          c:/mysql/mysql-4.1.22/innobase/dict/dict0mem.c
          c:/mysql/mysql-4.1.22/innobase/include/lock0lock.ic
          c:/mysql/mysql-4.1.22/innobase/include/row0row.h
          c:/mysql/mysql-4.1.22/innobase/include/row0row.ic
          c:/mysql/mysql-4.1.22/innobase/include/row0vers.h
          c:/mysql/mysql-4.1.22/innobase/include/row0vers.ic
          c:/mysql/mysql-4.1.22/innobase/include/read0read.ic
  c:/mysql/mysql-4.1.22/innobase/que/libque.a
      c:/mysql/mysql-4.1.22/innobase/que
      c:/mysql/mysql-4.1.22/innobase/que/que0que.o
          c:/mysql/mysql-4.1.22/innobase/que/que0que.c
          c:/mysql/mysql-4.1.22/innobase/include/srv0que.h
          c:/mysql/mysql-4.1.22/innobase/include/row0undo.h
          c:/mysql/mysql-4.1.22/innobase/include/row0undo.ic
          c:/mysql/mysql-4.1.22/innobase/include/row0upd.ic
          c:/mysql/mysql-4.1.22/innobase/include/row0sel.ic
          c:/mysql/mysql-4.1.22/innobase/include/row0purge.h
          c:/mysql/mysql-4.1.22/innobase/include/row0purge.ic
          c:/mysql/mysql-4.1.22/innobase/include/eval0proc.h
          c:/mysql/mysql-4.1.22/innobase/include/eval0proc.ic
          c:/mysql/mysql-4.1.22/innobase/include/eval0eval.h
          c:/mysql/mysql-4.1.22/innobase/include/eval0eval.ic
          c:/mysql/mysql-4.1.22/innobase/include/pars0grm.h
  c:/mysql/mysql-4.1.22/innobase/srv/libsrv.a
      c:/mysql/mysql-4.1.22/innobase/srv
      c:/mysql/mysql-4.1.22/innobase/srv/srv0srv.o
          c:/mysql/mysql-4.1.22/innobase/srv/srv0srv.c
          c:/mysql/mysql-4.1.22/innobase/include/thr0loc.h
          c:/mysql/mysql-4.1.22/innobase/include/thr0loc.ic
          c:/mysql/mysql-4.1.22/innobase/include/trx0purge.h
          c:/mysql/mysql-4.1.22/innobase/include/trx0purge.ic
      c:/mysql/mysql-4.1.22/innobase/srv/srv0que.o
          c:/mysql/mysql-4.1.22/innobase/srv/srv0que.c
      c:/mysql/mysql-4.1.22/innobase/srv/srv0start.o
          c:/mysql/mysql-4.1.22/innobase/srv/srv0start.c
  c:/mysql/mysql-4.1.22/innobase/row/librow.a
      c:/mysql/mysql-4.1.22/innobase/row
      c:/mysql/mysql-4.1.22/innobase/row/row0ins.o
          c:/mysql/mysql-4.1.22/innobase/row/row0ins.c
      c:/mysql/mysql-4.1.22/innobase/row/row0mysql.o
          c:/mysql/mysql-4.1.22/innobase/row/row0mysql.c
      c:/mysql/mysql-4.1.22/innobase/row/row0purge.o
          c:/mysql/mysql-4.1.22/innobase/row/row0purge.c
          c:/mysql/mysql-4.1.22/innobase/include/trx0rseg.h
          c:/mysql/mysql-4.1.22/innobase/include/trx0rseg.ic
          c:/mysql/mysql-4.1.22/innobase/include/trx0rec.h
          c:/mysql/mysql-4.1.22/innobase/include/trx0rec.ic
      c:/mysql/mysql-4.1.22/innobase/row/row0row.o
          c:/mysql/mysql-4.1.22/innobase/row/row0row.c
      c:/mysql/mysql-4.1.22/innobase/row/row0sel.o
          c:/mysql/mysql-4.1.22/innobase/row/row0sel.c
      c:/mysql/mysql-4.1.22/innobase/row/row0uins.o
          c:/mysql/mysql-4.1.22/innobase/row/row0uins.c
          c:/mysql/mysql-4.1.22/innobase/include/row0uins.h
          c:/mysql/mysql-4.1.22/innobase/include/row0uins.ic
      c:/mysql/mysql-4.1.22/innobase/row/row0umod.o
          c:/mysql/mysql-4.1.22/innobase/row/row0umod.c
          c:/mysql/mysql-4.1.22/innobase/include/row0umod.h
          c:/mysql/mysql-4.1.22/innobase/include/row0umod.ic
      c:/mysql/mysql-4.1.22/innobase/row/row0undo.o
          c:/mysql/mysql-4.1.22/innobase/row/row0undo.c
      c:/mysql/mysql-4.1.22/innobase/row/row0upd.o
          c:/mysql/mysql-4.1.22/innobase/row/row0upd.c
      c:/mysql/mysql-4.1.22/innobase/row/row0vers.o
          c:/mysql/mysql-4.1.22/innobase/row/row0vers.c
  c:/mysql/mysql-4.1.22/innobase/pars/libpars.a
      c:/mysql/mysql-4.1.22/innobase/pars
      c:/mysql/mysql-4.1.22/innobase/pars/pars0grm.o
          c:/mysql/mysql-4.1.22/innobase/pars/pars0grm.c
      c:/mysql/mysql-4.1.22/innobase/pars/lexyy.o
          c:/mysql/mysql-4.1.22/innobase/pars/lexyy.c
          c:/mysql/mysql-4.1.22/innobase/pars/pars0grm.h
      c:/mysql/mysql-4.1.22/innobase/pars/pars0opt.o
          c:/mysql/mysql-4.1.22/innobase/pars/pars0opt.c
          c:/mysql/mysql-4.1.22/innobase/include/pars0opt.h
          c:/mysql/mysql-4.1.22/innobase/include/pars0opt.ic
      c:/mysql/mysql-4.1.22/innobase/pars/pars0pars.o
          c:/mysql/mysql-4.1.22/innobase/pars/pars0pars.c
      c:/mysql/mysql-4.1.22/innobase/pars/pars0sym.o
          c:/mysql/mysql-4.1.22/innobase/pars/pars0sym.c
  c:/mysql/mysql-4.1.22/innobase/btr/libbtr.a
      c:/mysql/mysql-4.1.22/innobase/btr
      c:/mysql/mysql-4.1.22/innobase/btr/btr0btr.o
          c:/mysql/mysql-4.1.22/innobase/btr/btr0btr.c
      c:/mysql/mysql-4.1.22/innobase/btr/btr0cur.o
          c:/mysql/mysql-4.1.22/innobase/btr/btr0cur.c
      c:/mysql/mysql-4.1.22/innobase/btr/btr0pcur.o
          c:/mysql/mysql-4.1.22/innobase/btr/btr0pcur.c
      c:/mysql/mysql-4.1.22/innobase/btr/btr0sea.o
          c:/mysql/mysql-4.1.22/innobase/btr/btr0sea.c
  c:/mysql/mysql-4.1.22/innobase/trx/libtrx.a
      c:/mysql/mysql-4.1.22/innobase/trx
      c:/mysql/mysql-4.1.22/innobase/trx/trx0purge.o
          c:/mysql/mysql-4.1.22/innobase/trx/trx0purge.c
      c:/mysql/mysql-4.1.22/innobase/trx/trx0rec.o
          c:/mysql/mysql-4.1.22/innobase/trx/trx0rec.c
      c:/mysql/mysql-4.1.22/innobase/trx/trx0roll.o
          c:/mysql/mysql-4.1.22/innobase/trx/trx0roll.c
      c:/mysql/mysql-4.1.22/innobase/trx/trx0rseg.o
          c:/mysql/mysql-4.1.22/innobase/trx/trx0rseg.c
      c:/mysql/mysql-4.1.22/innobase/trx/trx0sys.o
          c:/mysql/mysql-4.1.22/innobase/trx/trx0sys.c
      c:/mysql/mysql-4.1.22/innobase/trx/trx0trx.o
          c:/mysql/mysql-4.1.22/innobase/trx/trx0trx.c
      c:/mysql/mysql-4.1.22/innobase/trx/trx0undo.o
          c:/mysql/mysql-4.1.22/innobase/trx/trx0undo.c
  c:/mysql/mysql-4.1.22/innobase/read/libread.a
      c:/mysql/mysql-4.1.22/innobase/read
      c:/mysql/mysql-4.1.22/innobase/read/read0read.o
          c:/mysql/mysql-4.1.22/innobase/read/read0read.c
  c:/mysql/mysql-4.1.22/innobase/buf/libbuf.a
      c:/mysql/mysql-4.1.22/innobase/buf
      c:/mysql/mysql-4.1.22/innobase/buf/buf0buf.o
          c:/mysql/mysql-4.1.22/innobase/buf/buf0buf.c
      c:/mysql/mysql-4.1.22/innobase/buf/buf0flu.o
          c:/mysql/mysql-4.1.22/innobase/buf/buf0flu.c
      c:/mysql/mysql-4.1.22/innobase/buf/buf0lru.o
          c:/mysql/mysql-4.1.22/innobase/buf/buf0lru.c
      c:/mysql/mysql-4.1.22/innobase/buf/buf0rea.o
          c:/mysql/mysql-4.1.22/innobase/buf/buf0rea.c
  c:/mysql/mysql-4.1.22/innobase/ibuf/libibuf.a
      c:/mysql/mysql-4.1.22/innobase/ibuf
      c:/mysql/mysql-4.1.22/innobase/ibuf/ibuf0ibuf.o
          c:/mysql/mysql-4.1.22/innobase/ibuf/ibuf0ibuf.c
  c:/mysql/mysql-4.1.22/innobase/eval/libeval.a
      c:/mysql/mysql-4.1.22/innobase/eval
      c:/mysql/mysql-4.1.22/innobase/eval/eval0eval.o
          c:/mysql/mysql-4.1.22/innobase/eval/eval0eval.c
      c:/mysql/mysql-4.1.22/innobase/eval/eval0proc.o
          c:/mysql/mysql-4.1.22/innobase/eval/eval0proc.c
  c:/mysql/mysql-4.1.22/innobase/log/liblog.a
      c:/mysql/mysql-4.1.22/innobase/log
      c:/mysql/mysql-4.1.22/innobase/log/log0log.o
          c:/mysql/mysql-4.1.22/innobase/log/log0log.c
      c:/mysql/mysql-4.1.22/innobase/log/log0recv.o
          c:/mysql/mysql-4.1.22/innobase/log/log0recv.c
  c:/mysql/mysql-4.1.22/innobase/fsp/libfsp.a
      c:/mysql/mysql-4.1.22/innobase/fsp
      c:/mysql/mysql-4.1.22/innobase/fsp/fsp0fsp.o
          c:/mysql/mysql-4.1.22/innobase/fsp/fsp0fsp.c
  c:/mysql/mysql-4.1.22/innobase/fut/libfut.a
      c:/mysql/mysql-4.1.22/innobase/fut
      c:/mysql/mysql-4.1.22/innobase/fut/fut0fut.o
          c:/mysql/mysql-4.1.22/innobase/fut/fut0fut.c
      c:/mysql/mysql-4.1.22/innobase/fut/fut0lst.o
          c:/mysql/mysql-4.1.22/innobase/fut/fut0lst.c
  c:/mysql/mysql-4.1.22/innobase/fil/libfil.a
      c:/mysql/mysql-4.1.22/innobase/fil
      c:/mysql/mysql-4.1.22/innobase/fil/fil0fil.o
          c:/mysql/mysql-4.1.22/innobase/fil/fil0fil.c
  c:/mysql/mysql-4.1.22/innobase/lock/liblock.a
      c:/mysql/mysql-4.1.22/innobase/lock
      c:/mysql/mysql-4.1.22/innobase/lock/lock0lock.o
          c:/mysql/mysql-4.1.22/innobase/lock/lock0lock.c
  c:/mysql/mysql-4.1.22/innobase/mtr/libmtr.a
      c:/mysql/mysql-4.1.22/innobase/mtr
      c:/mysql/mysql-4.1.22/innobase/mtr/mtr0mtr.o
          c:/mysql/mysql-4.1.22/innobase/mtr/mtr0mtr.c
      c:/mysql/mysql-4.1.22/innobase/mtr/mtr0log.o
          c:/mysql/mysql-4.1.22/innobase/mtr/mtr0log.c
  c:/mysql/mysql-4.1.22/innobase/page/libpage.a
      c:/mysql/mysql-4.1.22/innobase/page
      c:/mysql/mysql-4.1.22/innobase/page/page0page.o
          c:/mysql/mysql-4.1.22/innobase/page/page0page.c
      c:/mysql/mysql-4.1.22/innobase/page/page0cur.o
          c:/mysql/mysql-4.1.22/innobase/page/page0cur.c
  c:/mysql/mysql-4.1.22/innobase/rem/librem.a
      c:/mysql/mysql-4.1.22/innobase/rem
      c:/mysql/mysql-4.1.22/innobase/rem/rem0rec.o
          c:/mysql/mysql-4.1.22/innobase/rem/rem0rec.c
      c:/mysql/mysql-4.1.22/innobase/rem/rem0cmp.o
          c:/mysql/mysql-4.1.22/innobase/rem/rem0cmp.c
  c:/mysql/mysql-4.1.22/innobase/thr/libthr.a
      c:/mysql/mysql-4.1.22/innobase/thr
      c:/mysql/mysql-4.1.22/innobase/thr/thr0loc.o
          c:/mysql/mysql-4.1.22/innobase/thr/thr0loc.c
  c:/mysql/mysql-4.1.22/innobase/data/libdata.a
      c:/mysql/mysql-4.1.22/innobase/data
      c:/mysql/mysql-4.1.22/innobase/data/data0data.o
          c:/mysql/mysql-4.1.22/innobase/data/data0data.c
      c:/mysql/mysql-4.1.22/innobase/data/data0type.o
          c:/mysql/mysql-4.1.22/innobase/data/data0type.c
  c:/mysql/mysql-4.1.22/innobase/mach/libmach.a
      c:/mysql/mysql-4.1.22/innobase/mach
      c:/mysql/mysql-4.1.22/innobase/mach/mach0data.o
          c:/mysql/mysql-4.1.22/innobase/mach/mach0data.c
  c:/mysql/mysql-4.1.22/innobase/ha/libha.a
      c:/mysql/mysql-4.1.22/innobase/ha
      c:/mysql/mysql-4.1.22/innobase/ha/ha0ha.o
          c:/mysql/mysql-4.1.22/innobase/ha/ha0ha.c
      c:/mysql/mysql-4.1.22/innobase/ha/hash0hash.o
          c:/mysql/mysql-4.1.22/innobase/ha/hash0hash.c
  c:/mysql/mysql-4.1.22/innobase/dyn/libdyn.a
      c:/mysql/mysql-4.1.22/innobase/dyn
      c:/mysql/mysql-4.1.22/innobase/dyn/dyn0dyn.o
          c:/mysql/mysql-4.1.22/innobase/dyn/dyn0dyn.c
  c:/mysql/mysql-4.1.22/innobase/mem/libmem.a
      c:/mysql/mysql-4.1.22/innobase/mem
      c:/mysql/mysql-4.1.22/innobase/mem/mem0mem.o
          c:/mysql/mysql-4.1.22/innobase/mem/mem0mem.c
          c:/mysql/mysql-4.1.22/innobase/mem/mem0dbg.c
      c:/mysql/mysql-4.1.22/innobase/mem/mem0pool.o
          c:/mysql/mysql-4.1.22/innobase/mem/mem0pool.c
  c:/mysql/mysql-4.1.22/innobase/sync/libsync.a
      c:/mysql/mysql-4.1.22/innobase/sync
      c:/mysql/mysql-4.1.22/innobase/sync/sync0arr.o
          c:/mysql/mysql-4.1.22/innobase/sync/sync0arr.c
      c:/mysql/mysql-4.1.22/innobase/sync/sync0rw.o
          c:/mysql/mysql-4.1.22/innobase/sync/sync0rw.c
      c:/mysql/mysql-4.1.22/innobase/sync/sync0sync.o
          c:/mysql/mysql-4.1.22/innobase/sync/sync0sync.c
  c:/mysql/mysql-4.1.22/innobase/os/libos.a
      c:/mysql/mysql-4.1.22/innobase/os
      c:/mysql/mysql-4.1.22/innobase/os/os0proc.o
          c:/mysql/mysql-4.1.22/innobase/os/os0proc.c
      c:/mysql/mysql-4.1.22/innobase/os/os0sync.o
          c:/mysql/mysql-4.1.22/innobase/os/os0sync.c
      c:/mysql/mysql-4.1.22/innobase/os/os0thread.o
          c:/mysql/mysql-4.1.22/innobase/os/os0thread.c
      c:/mysql/mysql-4.1.22/innobase/os/os0file.o
          c:/mysql/mysql-4.1.22/innobase/os/os0file.c
  c:/mysql/mysql-4.1.22/innobase/ut/libut.a
      c:/mysql/mysql-4.1.22/innobase/ut
      c:/mysql/mysql-4.1.22/innobase/ut/ut0byte.o
          c:/mysql/mysql-4.1.22/innobase/ut/ut0byte.c
          c:/mysql/mysql-4.1.22/innobase/include/ut0sort.h
      c:/mysql/mysql-4.1.22/innobase/ut/ut0dbg.o
          c:/mysql/mysql-4.1.22/innobase/ut/ut0dbg.c
      c:/mysql/mysql-4.1.22/innobase/ut/ut0mem.o
          c:/mysql/mysql-4.1.22/innobase/ut/ut0mem.c
      c:/mysql/mysql-4.1.22/innobase/ut/ut0rnd.o
          c:/mysql/mysql-4.1.22/innobase/ut/ut0rnd.c
      c:/mysql/mysql-4.1.22/innobase/ut/ut0ut.o
          c:/mysql/mysql-4.1.22/innobase/ut/ut0ut.c
  c:/cygwin/lib/libdl.a
*****************************************************************
There are 1476 files that directly or indirectly
serve as input to make "c:/mysql/mysql-4.1.22/sql/mysqld.exe" file.
*****************************************************************
